<?xml version="1.0" encoding="UTF-8"?>
<!-- Generated by org.testng.reporters.JUnitXMLReporter -->
<testsuite ignored="0" hostname="DESKTOP-QPBUIBA" failures="0" tests="6" name="Surefire test" time="0.079" errors="0" timestamp="2026-03-17T22:44:03 WIB">
  <testcase classname="com.juaracoding.oop.KaryawanTest" name="testSetNama" time="0.005"/>
  <testcase classname="com.juaracoding.oop.KaryawanTest" name="testSetJabatan" time="0.001"/>
  <testcase classname="com.juaracoding.oop.KaryawanTest" name="testSetSalary" time="0.0"/>
  <testcase classname="com.juaracoding.oop.KaryawanTest" name="testSetNegativeSalary" time="0.001"/>
  <testcase classname="com.juaracoding.oop.KaryawanTest" name="testCalculateAnnualSalary" time="0.002"/>
  <testcase classname="com.juaracoding.oop.KaryawanTest" name="testCalculateTax" time="0.001"/>
</testsuite> <!-- Surefire test -->
