<?xml version="1.0" encoding="UTF-8"?>
<!-- Generated by org.testng.reporters.JUnitXMLReporter -->
<testsuite ignored="0" hostname="DESKTOP-QPBUIBA" failures="0" tests="50" name="OOPTests" time="1.164" errors="0" timestamp="2026-03-17T22:46:10 WIB">
  <testcase classname="com.juaracoding.oop.AuthTest" name="testLogin" time="0.014"/>
  <testcase classname="com.juaracoding.oop.AuthTest" name="testLogin" time="0.001"/>
  <testcase classname="com.juaracoding.oop.AuthTest" name="testLogin" time="0.001"/>
  <testcase classname="com.juaracoding.oop.AuthTest" name="testLogin" time="0.002"/>
  <testcase classname="com.juaracoding.oop.AuthTest" name="testRegister" time="0.006"/>
  <testcase classname="com.juaracoding.oop.AuthTest" name="testRegister" time="0.001"/>
  <testcase classname="com.juaracoding.oop.AuthTest" name="testRegister" time="0.002"/>
  <testcase classname="com.juaracoding.oop.AuthTest" name="testRegister" time="0.001"/>
  <testcase classname="com.juaracoding.oop.AuthTest" name="testRegister" time="0.001"/>
  <testcase classname="com.juaracoding.oop.AuthTest" name="testRegister" time="0.0"/>
  <testcase classname="com.juaracoding.oop.AuthTest" name="testRegister" time="0.001"/>
  <testcase classname="com.juaracoding.oop.AuthTest" name="testRegisterInvalid" time="0.001"/>
  <testcase classname="com.juaracoding.oop.AuthTest" name="testRegisterInvalid" time="0.0"/>
  <testcase classname="com.juaracoding.oop.AuthTest" name="testRegisterInvalid" time="0.0"/>
  <testcase classname="com.juaracoding.oop.AuthTest" name="testRegisterInvalid" time="0.001"/>
  <testcase classname="com.juaracoding.oop.AuthTest" name="testRegisterInvalid" time="0.0"/>
  <testcase classname="com.juaracoding.oop.AuthTest" name="testRegisterWithInvalidNik" time="0.0"/>
  <testcase classname="com.juaracoding.oop.KaryawanTest" name="testSetNama" time="0.0"/>
  <testcase classname="com.juaracoding.oop.KaryawanTest" name="testSetJabatan" time="0.001"/>
  <testcase classname="com.juaracoding.oop.KaryawanTest" name="testSetSalary" time="0.001"/>
  <testcase classname="com.juaracoding.oop.KaryawanTest" name="testSetNegativeSalary" time="0.0"/>
  <testcase classname="com.juaracoding.oop.KaryawanTest" name="testCalculateAnnualSalary" time="0.001"/>
  <testcase classname="com.juaracoding.oop.KaryawanTest" name="testCalculateTax" time="0.001"/>
  <testcase classname="com.juaracoding.oop.CalculatorTest" name="testAdd" time="0.006"/>
  <testcase classname="com.juaracoding.oop.CalculatorTest" name="testAdd" time="0.001"/>
  <testcase classname="com.juaracoding.oop.CalculatorTest" name="testAdd" time="0.0"/>
  <testcase classname="com.juaracoding.oop.CalculatorTest" name="testAdd" time="0.001"/>
  <testcase classname="com.juaracoding.oop.CalculatorTest" name="testAdd" time="0.0"/>
  <testcase classname="com.juaracoding.oop.CalculatorTest" name="testSubtract" time="0.001"/>
  <testcase classname="com.juaracoding.oop.CalculatorTest" name="testSubtract" time="0.001"/>
  <testcase classname="com.juaracoding.oop.CalculatorTest" name="testSubtract" time="0.001"/>
  <testcase classname="com.juaracoding.oop.CalculatorTest" name="testSubtract" time="0.0"/>
  <testcase classname="com.juaracoding.oop.CalculatorTest" name="testMultiply" time="0.001"/>
  <testcase classname="com.juaracoding.oop.CalculatorTest" name="testDivide" time="0.001"/>
  <testcase classname="com.juaracoding.oop.CalculatorTest" name="testDivideByZero" time="0.001"/>
  <testcase classname="test.Ujian2" name="testGetDaftarKaryawan" time="0.001"/>
  <testcase classname="test.Ujian2" name="testGetJumlahKaryawan" time="0.0"/>
  <testcase classname="test.Ujian2" name="testGetNamaDivisi" time="0.001"/>
  <testcase classname="test.Ujian2" name="testHitungGajiTotalLainnya" time="0.001"/>
  <testcase classname="test.Ujian2" name="testHitungGajiTotalManager" time="0.0"/>
  <testcase classname="test.Ujian2" name="testHitungGajiTotalStaff" time="0.0"/>
  <testcase classname="test.Ujian2" name="testSetGajiPokok" time="0.002"/>
  <testcase classname="test.Ujian2" name="testSetJabatan" time="0.001"/>
  <testcase classname="test.Ujian2" name="testSetNama" time="0.0"/>
  <testcase classname="test.Ujian2" name="testSetNamaDivisi" time="0.001"/>
  <testcase classname="test.Ujian2" name="testSetNegativeGajiPokok" time="0.0"/>
  <testcase classname="test.Ujian2" name="testTambahKaryawan" time="0.001"/>
  <testcase classname="test.Ujian2" name="testTambahKaryawanNull" time="0.0"/>
  <testcase classname="test.Ujian2" name="testUpdateGaji" time="0.001"/>
  <testcase classname="test.Ujian2" name="testUpdateGajiNegativePersentase" time="0.001"/>
</testsuite> <!-- OOPTests -->
