<?xml version="1.0" encoding="UTF-8"?>
<testng-results ignored="0" total="15" passed="15" failed="0" skipped="0">
  <reporter-output>
  </reporter-output>
  <suite started-at="2026-03-17T22:48:34 WIB" name="Ujian2Suite" finished-at="2026-03-17T22:48:34 WIB" duration-ms="89">
    <groups>
    </groups>
    <test started-at="2026-03-17T22:48:34 WIB" name="Ujian2Tests" finished-at="2026-03-17T22:48:34 WIB" duration-ms="89">
      <class name="test.Ujian2">
        <test-method is-config="true" signature="setup()[pri:0, instance:test.Ujian2@691a7f8f]" started-at="2026-03-17T22:48:34 WIB" name="setup" finished-at="2026-03-17T22:48:34 WIB" duration-ms="12" status="PASS">
          <reporter-output>
          </reporter-output>
        </test-method> <!-- setup -->
        <test-method signature="testGetDaftarKaryawan()[pri:0, instance:test.Ujian2@691a7f8f]" started-at="2026-03-17T22:48:34 WIB" name="testGetDaftarKaryawan" finished-at="2026-03-17T22:48:34 WIB" duration-ms="5" status="PASS">
          <reporter-output>
          </reporter-output>
        </test-method> <!-- testGetDaftarKaryawan -->
        <test-method signature="testGetJumlahKaryawan()[pri:0, instance:test.Ujian2@691a7f8f]" started-at="2026-03-17T22:48:34 WIB" name="testGetJumlahKaryawan" finished-at="2026-03-17T22:48:34 WIB" duration-ms="1" status="PASS">
          <reporter-output>
          </reporter-output>
        </test-method> <!-- testGetJumlahKaryawan -->
        <test-method is-config="true" signature="setup()[pri:0, instance:test.Ujian2@691a7f8f]" started-at="2026-03-17T22:48:34 WIB" name="setup" finished-at="2026-03-17T22:48:34 WIB" duration-ms="0" status="PASS">
          <reporter-output>
          </reporter-output>
        </test-method> <!-- setup -->
        <test-method signature="testGetNamaDivisi()[pri:0, instance:test.Ujian2@691a7f8f]" started-at="2026-03-17T22:48:34 WIB" name="testGetNamaDivisi" finished-at="2026-03-17T22:48:34 WIB" duration-ms="1" status="PASS">
          <reporter-output>
          </reporter-output>
        </test-method> <!-- testGetNamaDivisi -->
        <test-method is-config="true" signature="setup()[pri:0, instance:test.Ujian2@691a7f8f]" started-at="2026-03-17T22:48:34 WIB" name="setup" finished-at="2026-03-17T22:48:34 WIB" duration-ms="0" status="PASS">
          <reporter-output>
          </reporter-output>
        </test-method> <!-- setup -->
        <test-method is-config="true" signature="setup()[pri:0, instance:test.Ujian2@691a7f8f]" started-at="2026-03-17T22:48:34 WIB" name="setup" finished-at="2026-03-17T22:48:34 WIB" duration-ms="1" status="PASS">
          <reporter-output>
          </reporter-output>
        </test-method> <!-- setup -->
        <test-method signature="testHitungGajiTotalLainnya()[pri:0, instance:test.Ujian2@691a7f8f]" started-at="2026-03-17T22:48:34 WIB" name="testHitungGajiTotalLainnya" finished-at="2026-03-17T22:48:34 WIB" duration-ms="1" status="PASS">
          <reporter-output>
          </reporter-output>
        </test-method> <!-- testHitungGajiTotalLainnya -->
        <test-method signature="testHitungGajiTotalManager()[pri:0, instance:test.Ujian2@691a7f8f]" started-at="2026-03-17T22:48:34 WIB" name="testHitungGajiTotalManager" finished-at="2026-03-17T22:48:34 WIB" duration-ms="1" status="PASS">
          <reporter-output>
          </reporter-output>
        </test-method> <!-- testHitungGajiTotalManager -->
        <test-method is-config="true" signature="setup()[pri:0, instance:test.Ujian2@691a7f8f]" started-at="2026-03-17T22:48:34 WIB" name="setup" finished-at="2026-03-17T22:48:34 WIB" duration-ms="0" status="PASS">
          <reporter-output>
          </reporter-output>
        </test-method> <!-- setup -->
        <test-method signature="testHitungGajiTotalStaff()[pri:0, instance:test.Ujian2@691a7f8f]" started-at="2026-03-17T22:48:34 WIB" name="testHitungGajiTotalStaff" finished-at="2026-03-17T22:48:34 WIB" duration-ms="1" status="PASS">
          <reporter-output>
          </reporter-output>
        </test-method> <!-- testHitungGajiTotalStaff -->
        <test-method is-config="true" signature="setup()[pri:0, instance:test.Ujian2@691a7f8f]" started-at="2026-03-17T22:48:34 WIB" name="setup" finished-at="2026-03-17T22:48:34 WIB" duration-ms="0" status="PASS">
          <reporter-output>
          </reporter-output>
        </test-method> <!-- setup -->
        <test-method signature="testSetGajiPokok()[pri:0, instance:test.Ujian2@691a7f8f]" started-at="2026-03-17T22:48:34 WIB" name="testSetGajiPokok" finished-at="2026-03-17T22:48:34 WIB" duration-ms="0" status="PASS">
          <reporter-output>
          </reporter-output>
        </test-method> <!-- testSetGajiPokok -->
        <test-method is-config="true" signature="setup()[pri:0, instance:test.Ujian2@691a7f8f]" started-at="2026-03-17T22:48:34 WIB" name="setup" finished-at="2026-03-17T22:48:34 WIB" duration-ms="0" status="PASS">
          <reporter-output>
          </reporter-output>
        </test-method> <!-- setup -->
        <test-method signature="testSetJabatan()[pri:0, instance:test.Ujian2@691a7f8f]" started-at="2026-03-17T22:48:34 WIB" name="testSetJabatan" finished-at="2026-03-17T22:48:34 WIB" duration-ms="0" status="PASS">
          <reporter-output>
          </reporter-output>
        </test-method> <!-- testSetJabatan -->
        <test-method is-config="true" signature="setup()[pri:0, instance:test.Ujian2@691a7f8f]" started-at="2026-03-17T22:48:34 WIB" name="setup" finished-at="2026-03-17T22:48:34 WIB" duration-ms="0" status="PASS">
          <reporter-output>
          </reporter-output>
        </test-method> <!-- setup -->
        <test-method is-config="true" signature="setup()[pri:0, instance:test.Ujian2@691a7f8f]" started-at="2026-03-17T22:48:34 WIB" name="setup" finished-at="2026-03-17T22:48:34 WIB" duration-ms="1" status="PASS">
          <reporter-output>
          </reporter-output>
        </test-method> <!-- setup -->
        <test-method signature="testSetNama()[pri:0, instance:test.Ujian2@691a7f8f]" started-at="2026-03-17T22:48:34 WIB" name="testSetNama" finished-at="2026-03-17T22:48:34 WIB" duration-ms="0" status="PASS">
          <reporter-output>
          </reporter-output>
        </test-method> <!-- testSetNama -->
        <test-method is-config="true" signature="setup()[pri:0, instance:test.Ujian2@691a7f8f]" started-at="2026-03-17T22:48:34 WIB" name="setup" finished-at="2026-03-17T22:48:34 WIB" duration-ms="0" status="PASS">
          <reporter-output>
          </reporter-output>
        </test-method> <!-- setup -->
        <test-method signature="testSetNamaDivisi()[pri:0, instance:test.Ujian2@691a7f8f]" started-at="2026-03-17T22:48:34 WIB" name="testSetNamaDivisi" finished-at="2026-03-17T22:48:34 WIB" duration-ms="0" status="PASS">
          <reporter-output>
          </reporter-output>
        </test-method> <!-- testSetNamaDivisi -->
        <test-method signature="testSetNegativeGajiPokok()[pri:0, instance:test.Ujian2@691a7f8f]" started-at="2026-03-17T22:48:34 WIB" name="testSetNegativeGajiPokok" finished-at="2026-03-17T22:48:34 WIB" duration-ms="1" status="PASS">
          <exception class="java.lang.IllegalArgumentException">
            <message>
              <![CDATA[Gaji pokok tidak boleh negatif]]>
            </message>
            <full-stacktrace>
              <![CDATA[java.lang.IllegalArgumentException: Gaji pokok tidak boleh negatif
at test.Ujian2$Karyawan.setGajiPokok(Ujian2.java:40)
at test.Ujian2.testSetNegativeGajiPokok(Ujian2.java:139)
at java.base/jdk.internal.reflect.DirectMethodHandleAccessor.invoke(DirectMethodHandleAccessor.java:104)
at java.base/java.lang.reflect.Method.invoke(Method.java:565)
at org.testng.internal.invokers.MethodInvocationHelper.invokeMethod(MethodInvocationHelper.java:141)
at org.testng.internal.invokers.TestInvoker.invokeMethod(TestInvoker.java:686)
at org.testng.internal.invokers.TestInvoker.invokeTestMethod(TestInvoker.java:230)
at org.testng.internal.invokers.MethodRunner.runInSequence(MethodRunner.java:63)
at org.testng.internal.invokers.TestInvoker$MethodInvocationAgent.invoke(TestInvoker.java:992)
at org.testng.internal.invokers.TestInvoker.invokeTestMethods(TestInvoker.java:203)
at org.testng.internal.invokers.TestMethodWorker.invokeTestMethods(TestMethodWorker.java:154)
at org.testng.internal.invokers.TestMethodWorker.run(TestMethodWorker.java:134)
at java.base/java.util.ArrayList.forEach(ArrayList.java:1604)
at org.testng.TestRunner.privateRun(TestRunner.java:739)
at org.testng.TestRunner.run(TestRunner.java:614)
at org.testng.SuiteRunner.runTest(SuiteRunner.java:421)
at org.testng.SuiteRunner.runSequentially(SuiteRunner.java:413)
at org.testng.SuiteRunner.privateRun(SuiteRunner.java:373)
at org.testng.SuiteRunner.run(SuiteRunner.java:312)
at org.testng.SuiteRunnerWorker.runSuite(SuiteRunnerWorker.java:52)
at org.testng.SuiteRunnerWorker.run(SuiteRunnerWorker.java:95)
at org.testng.TestNG.runSuitesSequentially(TestNG.java:1274)
at org.testng.TestNG.runSuitesLocally(TestNG.java:1208)
at org.testng.TestNG.runSuites(TestNG.java:1112)
at org.testng.TestNG.run(TestNG.java:1079)
at org.apache.maven.surefire.testng.TestNGExecutor.run(TestNGExecutor.java:324)
at org.apache.maven.surefire.testng.TestNGXmlTestSuite.execute(TestNGXmlTestSuite.java:74)
at org.apache.maven.surefire.testng.TestNGProvider.invoke(TestNGProvider.java:123)
at org.apache.maven.surefire.booter.ForkedBooter.runSuitesInProcess(ForkedBooter.java:456)
at org.apache.maven.surefire.booter.ForkedBooter.execute(ForkedBooter.java:169)
at org.apache.maven.surefire.booter.ForkedBooter.run(ForkedBooter.java:595)
at org.apache.maven.surefire.booter.ForkedBooter.main(ForkedBooter.java:581)
]]>
            </full-stacktrace>
          </exception> <!-- java.lang.IllegalArgumentException -->
          <reporter-output>
          </reporter-output>
        </test-method> <!-- testSetNegativeGajiPokok -->
        <test-method is-config="true" signature="setup()[pri:0, instance:test.Ujian2@691a7f8f]" started-at="2026-03-17T22:48:34 WIB" name="setup" finished-at="2026-03-17T22:48:34 WIB" duration-ms="0" status="PASS">
          <reporter-output>
          </reporter-output>
        </test-method> <!-- setup -->
        <test-method signature="testTambahKaryawan()[pri:0, instance:test.Ujian2@691a7f8f]" started-at="2026-03-17T22:48:34 WIB" name="testTambahKaryawan" finished-at="2026-03-17T22:48:34 WIB" duration-ms="1" status="PASS">
          <reporter-output>
          </reporter-output>
        </test-method> <!-- testTambahKaryawan -->
        <test-method is-config="true" signature="setup()[pri:0, instance:test.Ujian2@691a7f8f]" started-at="2026-03-17T22:48:34 WIB" name="setup" finished-at="2026-03-17T22:48:34 WIB" duration-ms="0" status="PASS">
          <reporter-output>
          </reporter-output>
        </test-method> <!-- setup -->
        <test-method signature="testTambahKaryawanNull()[pri:0, instance:test.Ujian2@691a7f8f]" started-at="2026-03-17T22:48:34 WIB" name="testTambahKaryawanNull" finished-at="2026-03-17T22:48:34 WIB" duration-ms="1" status="PASS">
          <reporter-output>
          </reporter-output>
        </test-method> <!-- testTambahKaryawanNull -->
        <test-method is-config="true" signature="setup()[pri:0, instance:test.Ujian2@691a7f8f]" started-at="2026-03-17T22:48:34 WIB" name="setup" finished-at="2026-03-17T22:48:34 WIB" duration-ms="0" status="PASS">
          <reporter-output>
          </reporter-output>
        </test-method> <!-- setup -->
        <test-method signature="testUpdateGaji()[pri:0, instance:test.Ujian2@691a7f8f]" started-at="2026-03-17T22:48:34 WIB" name="testUpdateGaji" finished-at="2026-03-17T22:48:34 WIB" duration-ms="1" status="PASS">
          <reporter-output>
          </reporter-output>
        </test-method> <!-- testUpdateGaji -->
        <test-method is-config="true" signature="setup()[pri:0, instance:test.Ujian2@691a7f8f]" started-at="2026-03-17T22:48:34 WIB" name="setup" finished-at="2026-03-17T22:48:34 WIB" duration-ms="0" status="PASS">
          <reporter-output>
          </reporter-output>
        </test-method> <!-- setup -->
        <test-method signature="testUpdateGajiNegativePersentase()[pri:0, instance:test.Ujian2@691a7f8f]" started-at="2026-03-17T22:48:34 WIB" name="testUpdateGajiNegativePersentase" finished-at="2026-03-17T22:48:34 WIB" duration-ms="1" status="PASS">
          <exception class="java.lang.IllegalArgumentException">
            <message>
              <![CDATA[Persentase tidak boleh negatif]]>
            </message>
            <full-stacktrace>
              <![CDATA[java.lang.IllegalArgumentException: Persentase tidak boleh negatif
at test.Ujian2$Karyawan.updateGaji(Ujian2.java:57)
at test.Ujian2.testUpdateGajiNegativePersentase(Ujian2.java:176)
at java.base/jdk.internal.reflect.DirectMethodHandleAccessor.invoke(DirectMethodHandleAccessor.java:104)
at java.base/java.lang.reflect.Method.invoke(Method.java:565)
at org.testng.internal.invokers.MethodInvocationHelper.invokeMethod(MethodInvocationHelper.java:141)
at org.testng.internal.invokers.TestInvoker.invokeMethod(TestInvoker.java:686)
at org.testng.internal.invokers.TestInvoker.invokeTestMethod(TestInvoker.java:230)
at org.testng.internal.invokers.MethodRunner.runInSequence(MethodRunner.java:63)
at org.testng.internal.invokers.TestInvoker$MethodInvocationAgent.invoke(TestInvoker.java:992)
at org.testng.internal.invokers.TestInvoker.invokeTestMethods(TestInvoker.java:203)
at org.testng.internal.invokers.TestMethodWorker.invokeTestMethods(TestMethodWorker.java:154)
at org.testng.internal.invokers.TestMethodWorker.run(TestMethodWorker.java:134)
at java.base/java.util.ArrayList.forEach(ArrayList.java:1604)
at org.testng.TestRunner.privateRun(TestRunner.java:739)
at org.testng.TestRunner.run(TestRunner.java:614)
at org.testng.SuiteRunner.runTest(SuiteRunner.java:421)
at org.testng.SuiteRunner.runSequentially(SuiteRunner.java:413)
at org.testng.SuiteRunner.privateRun(SuiteRunner.java:373)
at org.testng.SuiteRunner.run(SuiteRunner.java:312)
at org.testng.SuiteRunnerWorker.runSuite(SuiteRunnerWorker.java:52)
at org.testng.SuiteRunnerWorker.run(SuiteRunnerWorker.java:95)
at org.testng.TestNG.runSuitesSequentially(TestNG.java:1274)
at org.testng.TestNG.runSuitesLocally(TestNG.java:1208)
at org.testng.TestNG.runSuites(TestNG.java:1112)
at org.testng.TestNG.run(TestNG.java:1079)
at org.apache.maven.surefire.testng.TestNGExecutor.run(TestNGExecutor.java:324)
at org.apache.maven.surefire.testng.TestNGXmlTestSuite.execute(TestNGXmlTestSuite.java:74)
at org.apache.maven.surefire.testng.TestNGProvider.invoke(TestNGProvider.java:123)
at org.apache.maven.surefire.booter.ForkedBooter.runSuitesInProcess(ForkedBooter.java:456)
at org.apache.maven.surefire.booter.ForkedBooter.execute(ForkedBooter.java:169)
at org.apache.maven.surefire.booter.ForkedBooter.run(ForkedBooter.java:595)
at org.apache.maven.surefire.booter.ForkedBooter.main(ForkedBooter.java:581)
]]>
            </full-stacktrace>
          </exception> <!-- java.lang.IllegalArgumentException -->
          <reporter-output>
          </reporter-output>
        </test-method> <!-- testUpdateGajiNegativePersentase -->
        <test-method is-config="true" signature="setup()[pri:0, instance:test.Ujian2@691a7f8f]" started-at="2026-03-17T22:48:34 WIB" name="setup" finished-at="2026-03-17T22:48:34 WIB" duration-ms="0" status="PASS">
          <reporter-output>
          </reporter-output>
        </test-method> <!-- setup -->
      </class> <!-- test.Ujian2 -->
    </test> <!-- Ujian2Tests -->
  </suite> <!-- Ujian2Suite -->
</testng-results>
