<?xml version="1.0" encoding="UTF-8"?>
<testsuite xmlns:xsi="http://www.w3.org/2001/XMLSchema-instance" xsi:noNamespaceSchemaLocation="https://maven.apache.org/surefire/maven-surefire-plugin/xsd/surefire-test-report-3.0.xsd" version="3.0" name="TestSuite" time="1.906" tests="50" errors="0" skipped="0" failures="0">
  <properties>
[...]
</properties>
  <testcase name="testLogin[admin, Indonesia, true](1)" classname="com.juaracoding.oop.AuthTest" time="0.012">
    <system-out><![CDATA[Setup before running Auth tests
Test login success passed
]]></system-out>
    <system-err><![CDATA[SLF4J: Failed to load class "org.slf4j.impl.StaticLoggerBinder".
SLF4J: Defaulting to no-operation (NOP) logger implementation
SLF4J: See http://www.slf4j.org/codes.html#StaticLoggerBinder for further details.
]]></system-err>
  </testcase>
  <testcase name="testLogin[admin, WrongPassword, false](2)" classname="com.juaracoding.oop.AuthTest" time="0.002">
    <system-out><![CDATA[Test login success passed
]]></system-out>
  </testcase>
  <testcase name="testLogin[user, Indonesia, false](3)" classname="com.juaracoding.oop.AuthTest" time="0.002">
    <system-out><![CDATA[Test login success passed
]]></system-out>
  </testcase>
  <testcase name="testLogin[user, WrongPassword, false](4)" classname="com.juaracoding.oop.AuthTest" time="0.001">
    <system-out><![CDATA[Test login success passed
]]></system-out>
  </testcase>
  <testcase name="testRegister[1234567890123451, newuser1, password123](1)" classname="com.juaracoding.oop.AuthTest" time="0.009">
    <system-out><![CDATA[User registered: newuser1
Test register success passed
]]></system-out>
  </testcase>
  <testcase name="testRegister[1234567890123452, newuser2, password123](2)" classname="com.juaracoding.oop.AuthTest" time="0.012">
    <system-out><![CDATA[User registered: newuser2
Test register success passed
]]></system-out>
  </testcase>
  <testcase name="testRegister[1234567890123453, newuser3, password123](3)" classname="com.juaracoding.oop.AuthTest" time="0.003">
    <system-out><![CDATA[User registered: newuser3
Test register success passed
]]></system-out>
  </testcase>
  <testcase name="testRegister[1234567890123454, newuser4, password123](4)" classname="com.juaracoding.oop.AuthTest" time="0.003">
    <system-out><![CDATA[User registered: newuser4
Test register success passed
]]></system-out>
  </testcase>
  <testcase name="testRegister[1234567890123455, newuser5, password123](5)" classname="com.juaracoding.oop.AuthTest" time="0.002">
    <system-out><![CDATA[User registered: newuser5
Test register success passed
]]></system-out>
  </testcase>
  <testcase name="testRegister[1234567890123456, newuser6, password123](6)" classname="com.juaracoding.oop.AuthTest" time="0.001">
    <system-out><![CDATA[User registered: newuser6
Test register success passed
]]></system-out>
  </testcase>
  <testcase name="testRegister[1234567890123457, newuser7, password123](7)" classname="com.juaracoding.oop.AuthTest" time="0.003">
    <system-out><![CDATA[User registered: newuser7
Test register success passed
]]></system-out>
  </testcase>
  <testcase name="testRegisterInvalid[null, user, password123](1)" classname="com.juaracoding.oop.AuthTest" time="0"/>
  <testcase name="testRegisterInvalid[1234567890123456, null, password123](2)" classname="com.juaracoding.oop.AuthTest" time="0"/>
  <testcase name="testRegisterInvalid[1234567890123456, user, null](3)" classname="com.juaracoding.oop.AuthTest" time="0"/>
  <testcase name="testRegisterInvalid[1234567890123456, user, short](4)" classname="com.juaracoding.oop.AuthTest" time="0"/>
  <testcase name="testRegisterInvalid[invalidNik, user, password123](5)" classname="com.juaracoding.oop.AuthTest" time="0"/>
  <testcase name="testRegisterWithInvalidNik" classname="com.juaracoding.oop.AuthTest" time="0"/>
  <testcase name="testSetNama" classname="com.juaracoding.oop.KaryawanTest" time="0">
    <system-out><![CDATA[Setup before running tests
Test setNama method passed
]]></system-out>
  </testcase>
  <testcase name="testSetJabatan" classname="com.juaracoding.oop.KaryawanTest" time="0.004">
    <system-out><![CDATA[Test setJabatan method passed
]]></system-out>
  </testcase>
  <testcase name="testSetSalary" classname="com.juaracoding.oop.KaryawanTest" time="0.003">
    <system-out><![CDATA[Test setSalary method passed
]]></system-out>
  </testcase>
  <testcase name="testSetNegativeSalary" classname="com.juaracoding.oop.KaryawanTest" time="0"/>
  <testcase name="testCalculateAnnualSalary" classname="com.juaracoding.oop.KaryawanTest" time="0.002">
    <system-out><![CDATA[Test calculateAnnualSalary method passed
]]></system-out>
  </testcase>
  <testcase name="testCalculateTax" classname="com.juaracoding.oop.KaryawanTest" time="0.002">
    <system-out><![CDATA[Test calculateTax method passed
]]></system-out>
  </testcase>
  <testcase name="testAdd[1, 1, 2](1)" classname="com.juaracoding.oop.CalculatorTest" time="0.004">
    <system-out><![CDATA[Setup before running tests
Running before each test method
Test add method passed for: 1, 1
]]></system-out>
  </testcase>
  <testcase name="testAdd[0, 5, 5](2)" classname="com.juaracoding.oop.CalculatorTest" time="0.001">
    <system-out><![CDATA[Running before each test method
Test add method passed for: 0, 5
]]></system-out>
  </testcase>
  <testcase name="testAdd[-1, 1, 0](3)" classname="com.juaracoding.oop.CalculatorTest" time="0.001">
    <system-out><![CDATA[Running before each test method
Test add method passed for: -1, 1
]]></system-out>
  </testcase>
  <testcase name="testAdd[100, 200, 300](4)" classname="com.juaracoding.oop.CalculatorTest" time="0">
    <system-out><![CDATA[Running before each test method
Test add method passed for: 100, 200
]]></system-out>
  </testcase>
  <testcase name="testAdd[5, 3, 8](5)" classname="com.juaracoding.oop.CalculatorTest" time="0">
    <system-out><![CDATA[Running before each test method
Test add method passed for: 5, 3
]]></system-out>
  </testcase>
  <testcase name="testSubtract[5, 2, 3](1)" classname="com.juaracoding.oop.CalculatorTest" time="0">
    <system-out><![CDATA[Running before each test method
Test subtract method passed for: 5, 2
]]></system-out>
    <system-err><![CDATA[ERROR StatusLogger Log4j2 could not find a logging implementation. Please add log4j-core to the classpath. Using SimpleLogger to log to the console...
]]></system-err>
  </testcase>
  <testcase name="testSubtract[10, 5, 5](2)" classname="com.juaracoding.oop.CalculatorTest" time="0.001">
    <system-out><![CDATA[Running before each test method
Test subtract method passed for: 10, 5
]]></system-out>
  </testcase>
  <testcase name="testSubtract[4, 2, 2](3)" classname="com.juaracoding.oop.CalculatorTest" time="0">
    <system-out><![CDATA[Running before each test method
Test subtract method passed for: 4, 2
]]></system-out>
  </testcase>
  <testcase name="testSubtract[10, 7, 3](4)" classname="com.juaracoding.oop.CalculatorTest" time="0">
    <system-out><![CDATA[Running before each test method
Test subtract method passed for: 10, 7
]]></system-out>
  </testcase>
  <testcase name="testMultiply" classname="com.juaracoding.oop.CalculatorTest" time="0.002">
    <system-out><![CDATA[Running before each test method
Test multiply method passed
]]></system-out>
  </testcase>
  <testcase name="testDivide" classname="com.juaracoding.oop.CalculatorTest" time="0.001">
    <system-out><![CDATA[Running before each test method
Test divide method passed
]]></system-out>
  </testcase>
  <testcase name="testDivideByZero" classname="com.juaracoding.oop.CalculatorTest" time="0">
    <system-out><![CDATA[Running before each test method
]]></system-out>
  </testcase>
  <testcase name="testGetDaftarKaryawan" classname="test.Ujian2" time="0.001"/>
  <testcase name="testGetJumlahKaryawan" classname="test.Ujian2" time="0.001"/>
  <testcase name="testGetNamaDivisi" classname="test.Ujian2" time="0"/>
  <testcase name="testHitungGajiTotalLainnya" classname="test.Ujian2" time="0"/>
  <testcase name="testHitungGajiTotalManager" classname="test.Ujian2" time="0.001"/>
  <testcase name="testHitungGajiTotalStaff" classname="test.Ujian2" time="0"/>
  <testcase name="testSetGajiPokok" classname="test.Ujian2" time="0"/>
  <testcase name="testSetJabatan" classname="test.Ujian2" time="0"/>
  <testcase name="testSetNama" classname="test.Ujian2" time="0.001"/>
  <testcase name="testSetNamaDivisi" classname="test.Ujian2" time="0.001"/>
  <testcase name="testSetNegativeGajiPokok" classname="test.Ujian2" time="0.001"/>
  <testcase name="testTambahKaryawan" classname="test.Ujian2" time="0"/>
  <testcase name="testTambahKaryawanNull" classname="test.Ujian2" time="0"/>
  <testcase name="testUpdateGaji" classname="test.Ujian2" time="0.001"/>
  <testcase name="testUpdateGajiNegativePersentase" classname="test.Ujian2" time="0.001"/>
</testsuite>