<?xml version="1.0" encoding="UTF-8"?>
<testsuite xmlns:xsi="http://www.w3.org/2001/XMLSchema-instance" xsi:noNamespaceSchemaLocation="https://maven.apache.org/surefire/maven-surefire-plugin/xsd/surefire-test-report-3.0.xsd" version="3.0" name="com.juaracoding.oop.KaryawanTest" time="0.652" tests="6" errors="0" skipped="0" failures="0">
  <properties>
[...]
</properties>
  <testcase name="testSetNama" classname="com.juaracoding.oop.KaryawanTest" time="0.003">
    <system-out><![CDATA[Setup before running tests
Test setNama method passed
]]></system-out>
    <system-err><![CDATA[SLF4J: Failed to load class "org.slf4j.impl.StaticLoggerBinder".
SLF4J: Defaulting to no-operation (NOP) logger implementation
SLF4J: See http://www.slf4j.org/codes.html#StaticLoggerBinder for further details.
]]></system-err>
  </testcase>
  <testcase name="testSetJabatan" classname="com.juaracoding.oop.KaryawanTest" time="0.002">
    <system-out><![CDATA[Test setJabatan method passed
]]></system-out>
  </testcase>
  <testcase name="testSetSalary" classname="com.juaracoding.oop.KaryawanTest" time="0.005">
    <system-out><![CDATA[Test setSalary method passed
]]></system-out>
  </testcase>
  <testcase name="testSetNegativeSalary" classname="com.juaracoding.oop.KaryawanTest" time="0"/>
  <testcase name="testCalculateAnnualSalary" classname="com.juaracoding.oop.KaryawanTest" time="0.004">
    <system-out><![CDATA[Test calculateAnnualSalary method passed
]]></system-out>
  </testcase>
  <testcase name="testCalculateTax" classname="com.juaracoding.oop.KaryawanTest" time="0.002">
    <system-out><![CDATA[Test calculateTax method passed
]]></system-out>
  </testcase>
</testsuite>