<?xml version="1.0" encoding="UTF-8"?>
<testng-results ignored="0" total="50" passed="50" failed="0" skipped="0">
  <reporter-output>
  </reporter-output>
  <suite started-at="2026-03-17T19:31:14 WIB" name="AllSuite" finished-at="2026-03-17T19:31:15 WIB" duration-ms="1135">
    <groups>
      <group name="math">
        <method signature="CalculatorTest.testAdd(int,int,int)[pri:1, instance:com.juaracoding.oop.CalculatorTest@4c1d9d4b]" name="testAdd" class="com.juaracoding.oop.CalculatorTest"/>
        <method signature="CalculatorTest.testSubtract(java.lang.Object,java.lang.Object,java.lang.Object)[pri:2, instance:com.juaracoding.oop.CalculatorTest@4c1d9d4b]" name="testSubtract" class="com.juaracoding.oop.CalculatorTest"/>
      </group> <!-- math -->
    </groups>
    <test started-at="2026-03-17T19:31:14 WIB" name="OOPTests" finished-at="2026-03-17T19:31:15 WIB" duration-ms="1135">
      <class name="com.juaracoding.oop.AuthTest">
        <test-method is-config="true" signature="setup()[pri:0, instance:com.juaracoding.oop.AuthTest@222114ba]" started-at="2026-03-17T19:31:14 WIB" name="setup" finished-at="2026-03-17T19:31:14 WIB" duration-ms="15" status="PASS">
          <reporter-output>
          </reporter-output>
        </test-method> <!-- setup -->
        <test-method signature="testLogin(java.lang.String,java.lang.String,boolean)[pri:0, instance:com.juaracoding.oop.AuthTest@222114ba]" started-at="2026-03-17T19:31:14 WIB" name="testLogin" data-provider="loginData" finished-at="2026-03-17T19:31:14 WIB" duration-ms="15" status="PASS">
          <params>
            <param index="0">
              <value>
                <![CDATA[admin]]>
              </value>
            </param>
            <param index="1">
              <value>
                <![CDATA[Indonesia]]>
              </value>
            </param>
            <param index="2">
              <value>
                <![CDATA[true]]>
              </value>
            </param>
          </params>
          <reporter-output>
          </reporter-output>
        </test-method> <!-- testLogin -->
        <test-method signature="testLogin(java.lang.String,java.lang.String,boolean)[pri:0, instance:com.juaracoding.oop.AuthTest@222114ba]" started-at="2026-03-17T19:31:14 WIB" name="testLogin" data-provider="loginData" finished-at="2026-03-17T19:31:14 WIB" duration-ms="0" status="PASS">
          <params>
            <param index="0">
              <value>
                <![CDATA[admin]]>
              </value>
            </param>
            <param index="1">
              <value>
                <![CDATA[WrongPassword]]>
              </value>
            </param>
            <param index="2">
              <value>
                <![CDATA[false]]>
              </value>
            </param>
          </params>
          <reporter-output>
          </reporter-output>
        </test-method> <!-- testLogin -->
        <test-method signature="testLogin(java.lang.String,java.lang.String,boolean)[pri:0, instance:com.juaracoding.oop.AuthTest@222114ba]" started-at="2026-03-17T19:31:14 WIB" name="testLogin" data-provider="loginData" finished-at="2026-03-17T19:31:14 WIB" duration-ms="0" status="PASS">
          <params>
            <param index="0">
              <value>
                <![CDATA[user]]>
              </value>
            </param>
            <param index="1">
              <value>
                <![CDATA[Indonesia]]>
              </value>
            </param>
            <param index="2">
              <value>
                <![CDATA[false]]>
              </value>
            </param>
          </params>
          <reporter-output>
          </reporter-output>
        </test-method> <!-- testLogin -->
        <test-method signature="testLogin(java.lang.String,java.lang.String,boolean)[pri:0, instance:com.juaracoding.oop.AuthTest@222114ba]" started-at="2026-03-17T19:31:14 WIB" name="testLogin" data-provider="loginData" finished-at="2026-03-17T19:31:14 WIB" duration-ms="1" status="PASS">
          <params>
            <param index="0">
              <value>
                <![CDATA[user]]>
              </value>
            </param>
            <param index="1">
              <value>
                <![CDATA[WrongPassword]]>
              </value>
            </param>
            <param index="2">
              <value>
                <![CDATA[false]]>
              </value>
            </param>
          </params>
          <reporter-output>
          </reporter-output>
        </test-method> <!-- testLogin -->
        <test-method signature="testRegister(java.lang.String,java.lang.String,java.lang.String)[pri:0, instance:com.juaracoding.oop.AuthTest@222114ba]" started-at="2026-03-17T19:31:14 WIB" name="testRegister" data-provider="registerData" finished-at="2026-03-17T19:31:14 WIB" duration-ms="6" status="PASS">
          <params>
            <param index="0">
              <value>
                <![CDATA[1234567890123451]]>
              </value>
            </param>
            <param index="1">
              <value>
                <![CDATA[newuser1]]>
              </value>
            </param>
            <param index="2">
              <value>
                <![CDATA[password123]]>
              </value>
            </param>
          </params>
          <reporter-output>
          </reporter-output>
        </test-method> <!-- testRegister -->
        <test-method signature="testRegister(java.lang.String,java.lang.String,java.lang.String)[pri:0, instance:com.juaracoding.oop.AuthTest@222114ba]" started-at="2026-03-17T19:31:14 WIB" name="testRegister" data-provider="registerData" finished-at="2026-03-17T19:31:14 WIB" duration-ms="0" status="PASS">
          <params>
            <param index="0">
              <value>
                <![CDATA[1234567890123452]]>
              </value>
            </param>
            <param index="1">
              <value>
                <![CDATA[newuser2]]>
              </value>
            </param>
            <param index="2">
              <value>
                <![CDATA[password123]]>
              </value>
            </param>
          </params>
          <reporter-output>
          </reporter-output>
        </test-method> <!-- testRegister -->
        <test-method signature="testRegister(java.lang.String,java.lang.String,java.lang.String)[pri:0, instance:com.juaracoding.oop.AuthTest@222114ba]" started-at="2026-03-17T19:31:14 WIB" name="testRegister" data-provider="registerData" finished-at="2026-03-17T19:31:14 WIB" duration-ms="2" status="PASS">
          <params>
            <param index="0">
              <value>
                <![CDATA[1234567890123453]]>
              </value>
            </param>
            <param index="1">
              <value>
                <![CDATA[newuser3]]>
              </value>
            </param>
            <param index="2">
              <value>
                <![CDATA[password123]]>
              </value>
            </param>
          </params>
          <reporter-output>
          </reporter-output>
        </test-method> <!-- testRegister -->
        <test-method signature="testRegister(java.lang.String,java.lang.String,java.lang.String)[pri:0, instance:com.juaracoding.oop.AuthTest@222114ba]" started-at="2026-03-17T19:31:14 WIB" name="testRegister" data-provider="registerData" finished-at="2026-03-17T19:31:14 WIB" duration-ms="1" status="PASS">
          <params>
            <param index="0">
              <value>
                <![CDATA[1234567890123454]]>
              </value>
            </param>
            <param index="1">
              <value>
                <![CDATA[newuser4]]>
              </value>
            </param>
            <param index="2">
              <value>
                <![CDATA[password123]]>
              </value>
            </param>
          </params>
          <reporter-output>
          </reporter-output>
        </test-method> <!-- testRegister -->
        <test-method signature="testRegister(java.lang.String,java.lang.String,java.lang.String)[pri:0, instance:com.juaracoding.oop.AuthTest@222114ba]" started-at="2026-03-17T19:31:14 WIB" name="testRegister" data-provider="registerData" finished-at="2026-03-17T19:31:14 WIB" duration-ms="1" status="PASS">
          <params>
            <param index="0">
              <value>
                <![CDATA[1234567890123455]]>
              </value>
            </param>
            <param index="1">
              <value>
                <![CDATA[newuser5]]>
              </value>
            </param>
            <param index="2">
              <value>
                <![CDATA[password123]]>
              </value>
            </param>
          </params>
          <reporter-output>
          </reporter-output>
        </test-method> <!-- testRegister -->
        <test-method signature="testRegister(java.lang.String,java.lang.String,java.lang.String)[pri:0, instance:com.juaracoding.oop.AuthTest@222114ba]" started-at="2026-03-17T19:31:14 WIB" name="testRegister" data-provider="registerData" finished-at="2026-03-17T19:31:14 WIB" duration-ms="3" status="PASS">
          <params>
            <param index="0">
              <value>
                <![CDATA[1234567890123456]]>
              </value>
            </param>
            <param index="1">
              <value>
                <![CDATA[newuser6]]>
              </value>
            </param>
            <param index="2">
              <value>
                <![CDATA[password123]]>
              </value>
            </param>
          </params>
          <reporter-output>
          </reporter-output>
        </test-method> <!-- testRegister -->
        <test-method signature="testRegister(java.lang.String,java.lang.String,java.lang.String)[pri:0, instance:com.juaracoding.oop.AuthTest@222114ba]" started-at="2026-03-17T19:31:14 WIB" name="testRegister" data-provider="registerData" finished-at="2026-03-17T19:31:14 WIB" duration-ms="2" status="PASS">
          <params>
            <param index="0">
              <value>
                <![CDATA[1234567890123457]]>
              </value>
            </param>
            <param index="1">
              <value>
                <![CDATA[newuser7]]>
              </value>
            </param>
            <param index="2">
              <value>
                <![CDATA[password123]]>
              </value>
            </param>
          </params>
          <reporter-output>
          </reporter-output>
        </test-method> <!-- testRegister -->
        <test-method signature="testRegisterInvalid(java.lang.String,java.lang.String,java.lang.String)[pri:0, instance:com.juaracoding.oop.AuthTest@222114ba]" started-at="2026-03-17T19:31:14 WIB" name="testRegisterInvalid" data-provider="registerInvalidData" finished-at="2026-03-17T19:31:14 WIB" duration-ms="3" status="PASS">
          <params>
            <param index="0">
              <value is-null="true"/>
            </param>
            <param index="1">
              <value>
                <![CDATA[user]]>
              </value>
            </param>
            <param index="2">
              <value>
                <![CDATA[password123]]>
              </value>
            </param>
          </params>
          <exception class="java.lang.IllegalArgumentException">
            <message>
              <![CDATA[NIK, username, and password cannot be null]]>
            </message>
            <full-stacktrace>
              <![CDATA[java.lang.IllegalArgumentException: NIK, username, and password cannot be null
at com.juaracoding.oop.Auth.register(Auth.java:12)
at com.juaracoding.oop.AuthTest.testRegisterInvalid(AuthTest.java:74)
at java.base/jdk.internal.reflect.DirectMethodHandleAccessor.invoke(DirectMethodHandleAccessor.java:104)
at java.base/java.lang.reflect.Method.invoke(Method.java:565)
at org.testng.internal.invokers.MethodInvocationHelper.invokeMethod(MethodInvocationHelper.java:141)
at org.testng.internal.invokers.TestInvoker.invokeMethod(TestInvoker.java:686)
at org.testng.internal.invokers.TestInvoker.invokeTestMethod(TestInvoker.java:230)
at org.testng.internal.invokers.MethodRunner.runInSequence(MethodRunner.java:63)
at org.testng.internal.invokers.TestInvoker$MethodInvocationAgent.invoke(TestInvoker.java:992)
at org.testng.internal.invokers.TestInvoker.invokeTestMethods(TestInvoker.java:203)
at org.testng.internal.invokers.TestMethodWorker.invokeTestMethods(TestMethodWorker.java:154)
at org.testng.internal.invokers.TestMethodWorker.run(TestMethodWorker.java:134)
at java.base/java.util.ArrayList.forEach(ArrayList.java:1604)
at org.testng.TestRunner.privateRun(TestRunner.java:739)
at org.testng.TestRunner.run(TestRunner.java:614)
at org.testng.SuiteRunner.runTest(SuiteRunner.java:421)
at org.testng.SuiteRunner.runSequentially(SuiteRunner.java:413)
at org.testng.SuiteRunner.privateRun(SuiteRunner.java:373)
at org.testng.SuiteRunner.run(SuiteRunner.java:312)
at org.testng.SuiteRunnerWorker.runSuite(SuiteRunnerWorker.java:52)
at org.testng.SuiteRunnerWorker.run(SuiteRunnerWorker.java:95)
at org.testng.TestNG.runSuitesSequentially(TestNG.java:1274)
at org.testng.TestNG.runSuitesLocally(TestNG.java:1208)
at org.testng.TestNG.runSuites(TestNG.java:1112)
at org.testng.TestNG.run(TestNG.java:1079)
at org.apache.maven.surefire.testng.TestNGExecutor.run(TestNGExecutor.java:324)
at org.apache.maven.surefire.testng.TestNGXmlTestSuite.execute(TestNGXmlTestSuite.java:74)
at org.apache.maven.surefire.testng.TestNGProvider.invoke(TestNGProvider.java:123)
at org.apache.maven.surefire.booter.ForkedBooter.runSuitesInProcess(ForkedBooter.java:456)
at org.apache.maven.surefire.booter.ForkedBooter.execute(ForkedBooter.java:169)
at org.apache.maven.surefire.booter.ForkedBooter.run(ForkedBooter.java:595)
at org.apache.maven.surefire.booter.ForkedBooter.main(ForkedBooter.java:581)
]]>
            </full-stacktrace>
          </exception> <!-- java.lang.IllegalArgumentException -->
          <reporter-output>
          </reporter-output>
        </test-method> <!-- testRegisterInvalid -->
        <test-method signature="testRegisterInvalid(java.lang.String,java.lang.String,java.lang.String)[pri:0, instance:com.juaracoding.oop.AuthTest@222114ba]" started-at="2026-03-17T19:31:14 WIB" name="testRegisterInvalid" data-provider="registerInvalidData" finished-at="2026-03-17T19:31:14 WIB" duration-ms="1" status="PASS">
          <params>
            <param index="0">
              <value>
                <![CDATA[1234567890123456]]>
              </value>
            </param>
            <param index="1">
              <value is-null="true"/>
            </param>
            <param index="2">
              <value>
                <![CDATA[password123]]>
              </value>
            </param>
          </params>
          <exception class="java.lang.IllegalArgumentException">
            <message>
              <![CDATA[NIK, username, and password cannot be null]]>
            </message>
            <full-stacktrace>
              <![CDATA[java.lang.IllegalArgumentException: NIK, username, and password cannot be null
at com.juaracoding.oop.Auth.register(Auth.java:12)
at com.juaracoding.oop.AuthTest.testRegisterInvalid(AuthTest.java:74)
at java.base/jdk.internal.reflect.DirectMethodHandleAccessor.invoke(DirectMethodHandleAccessor.java:104)
at java.base/java.lang.reflect.Method.invoke(Method.java:565)
at org.testng.internal.invokers.MethodInvocationHelper.invokeMethod(MethodInvocationHelper.java:141)
at org.testng.internal.invokers.TestInvoker.invokeMethod(TestInvoker.java:686)
at org.testng.internal.invokers.TestInvoker.invokeTestMethod(TestInvoker.java:230)
at org.testng.internal.invokers.MethodRunner.runInSequence(MethodRunner.java:63)
at org.testng.internal.invokers.TestInvoker$MethodInvocationAgent.invoke(TestInvoker.java:992)
at org.testng.internal.invokers.TestInvoker.invokeTestMethods(TestInvoker.java:203)
at org.testng.internal.invokers.TestMethodWorker.invokeTestMethods(TestMethodWorker.java:154)
at org.testng.internal.invokers.TestMethodWorker.run(TestMethodWorker.java:134)
at java.base/java.util.ArrayList.forEach(ArrayList.java:1604)
at org.testng.TestRunner.privateRun(TestRunner.java:739)
at org.testng.TestRunner.run(TestRunner.java:614)
at org.testng.SuiteRunner.runTest(SuiteRunner.java:421)
at org.testng.SuiteRunner.runSequentially(SuiteRunner.java:413)
at org.testng.SuiteRunner.privateRun(SuiteRunner.java:373)
at org.testng.SuiteRunner.run(SuiteRunner.java:312)
at org.testng.SuiteRunnerWorker.runSuite(SuiteRunnerWorker.java:52)
at org.testng.SuiteRunnerWorker.run(SuiteRunnerWorker.java:95)
at org.testng.TestNG.runSuitesSequentially(TestNG.java:1274)
at org.testng.TestNG.runSuitesLocally(TestNG.java:1208)
at org.testng.TestNG.runSuites(TestNG.java:1112)
at org.testng.TestNG.run(TestNG.java:1079)
at org.apache.maven.surefire.testng.TestNGExecutor.run(TestNGExecutor.java:324)
at org.apache.maven.surefire.testng.TestNGXmlTestSuite.execute(TestNGXmlTestSuite.java:74)
at org.apache.maven.surefire.testng.TestNGProvider.invoke(TestNGProvider.java:123)
at org.apache.maven.surefire.booter.ForkedBooter.runSuitesInProcess(ForkedBooter.java:456)
at org.apache.maven.surefire.booter.ForkedBooter.execute(ForkedBooter.java:169)
at org.apache.maven.surefire.booter.ForkedBooter.run(ForkedBooter.java:595)
at org.apache.maven.surefire.booter.ForkedBooter.main(ForkedBooter.java:581)
]]>
            </full-stacktrace>
          </exception> <!-- java.lang.IllegalArgumentException -->
          <reporter-output>
          </reporter-output>
        </test-method> <!-- testRegisterInvalid -->
        <test-method signature="testRegisterInvalid(java.lang.String,java.lang.String,java.lang.String)[pri:0, instance:com.juaracoding.oop.AuthTest@222114ba]" started-at="2026-03-17T19:31:14 WIB" name="testRegisterInvalid" data-provider="registerInvalidData" finished-at="2026-03-17T19:31:14 WIB" duration-ms="0" status="PASS">
          <params>
            <param index="0">
              <value>
                <![CDATA[1234567890123456]]>
              </value>
            </param>
            <param index="1">
              <value>
                <![CDATA[user]]>
              </value>
            </param>
            <param index="2">
              <value is-null="true"/>
            </param>
          </params>
          <exception class="java.lang.IllegalArgumentException">
            <message>
              <![CDATA[NIK, username, and password cannot be null]]>
            </message>
            <full-stacktrace>
              <![CDATA[java.lang.IllegalArgumentException: NIK, username, and password cannot be null
at com.juaracoding.oop.Auth.register(Auth.java:12)
at com.juaracoding.oop.AuthTest.testRegisterInvalid(AuthTest.java:74)
at java.base/jdk.internal.reflect.DirectMethodHandleAccessor.invoke(DirectMethodHandleAccessor.java:104)
at java.base/java.lang.reflect.Method.invoke(Method.java:565)
at org.testng.internal.invokers.MethodInvocationHelper.invokeMethod(MethodInvocationHelper.java:141)
at org.testng.internal.invokers.TestInvoker.invokeMethod(TestInvoker.java:686)
at org.testng.internal.invokers.TestInvoker.invokeTestMethod(TestInvoker.java:230)
at org.testng.internal.invokers.MethodRunner.runInSequence(MethodRunner.java:63)
at org.testng.internal.invokers.TestInvoker$MethodInvocationAgent.invoke(TestInvoker.java:992)
at org.testng.internal.invokers.TestInvoker.invokeTestMethods(TestInvoker.java:203)
at org.testng.internal.invokers.TestMethodWorker.invokeTestMethods(TestMethodWorker.java:154)
at org.testng.internal.invokers.TestMethodWorker.run(TestMethodWorker.java:134)
at java.base/java.util.ArrayList.forEach(ArrayList.java:1604)
at org.testng.TestRunner.privateRun(TestRunner.java:739)
at org.testng.TestRunner.run(TestRunner.java:614)
at org.testng.SuiteRunner.runTest(SuiteRunner.java:421)
at org.testng.SuiteRunner.runSequentially(SuiteRunner.java:413)
at org.testng.SuiteRunner.privateRun(SuiteRunner.java:373)
at org.testng.SuiteRunner.run(SuiteRunner.java:312)
at org.testng.SuiteRunnerWorker.runSuite(SuiteRunnerWorker.java:52)
at org.testng.SuiteRunnerWorker.run(SuiteRunnerWorker.java:95)
at org.testng.TestNG.runSuitesSequentially(TestNG.java:1274)
at org.testng.TestNG.runSuitesLocally(TestNG.java:1208)
at org.testng.TestNG.runSuites(TestNG.java:1112)
at org.testng.TestNG.run(TestNG.java:1079)
at org.apache.maven.surefire.testng.TestNGExecutor.run(TestNGExecutor.java:324)
at org.apache.maven.surefire.testng.TestNGXmlTestSuite.execute(TestNGXmlTestSuite.java:74)
at org.apache.maven.surefire.testng.TestNGProvider.invoke(TestNGProvider.java:123)
at org.apache.maven.surefire.booter.ForkedBooter.runSuitesInProcess(ForkedBooter.java:456)
at org.apache.maven.surefire.booter.ForkedBooter.execute(ForkedBooter.java:169)
at org.apache.maven.surefire.booter.ForkedBooter.run(ForkedBooter.java:595)
at org.apache.maven.surefire.booter.ForkedBooter.main(ForkedBooter.java:581)
]]>
            </full-stacktrace>
          </exception> <!-- java.lang.IllegalArgumentException -->
          <reporter-output>
          </reporter-output>
        </test-method> <!-- testRegisterInvalid -->
        <test-method signature="testRegisterInvalid(java.lang.String,java.lang.String,java.lang.String)[pri:0, instance:com.juaracoding.oop.AuthTest@222114ba]" started-at="2026-03-17T19:31:14 WIB" name="testRegisterInvalid" data-provider="registerInvalidData" finished-at="2026-03-17T19:31:14 WIB" duration-ms="1" status="PASS">
          <params>
            <param index="0">
              <value>
                <![CDATA[1234567890123456]]>
              </value>
            </param>
            <param index="1">
              <value>
                <![CDATA[user]]>
              </value>
            </param>
            <param index="2">
              <value>
                <![CDATA[short]]>
              </value>
            </param>
          </params>
          <exception class="java.lang.IllegalArgumentException">
            <message>
              <![CDATA[Password must be at least 6 characters long]]>
            </message>
            <full-stacktrace>
              <![CDATA[java.lang.IllegalArgumentException: Password must be at least 6 characters long
at com.juaracoding.oop.Auth.register(Auth.java:16)
at com.juaracoding.oop.AuthTest.testRegisterInvalid(AuthTest.java:74)
at java.base/jdk.internal.reflect.DirectMethodHandleAccessor.invoke(DirectMethodHandleAccessor.java:104)
at java.base/java.lang.reflect.Method.invoke(Method.java:565)
at org.testng.internal.invokers.MethodInvocationHelper.invokeMethod(MethodInvocationHelper.java:141)
at org.testng.internal.invokers.TestInvoker.invokeMethod(TestInvoker.java:686)
at org.testng.internal.invokers.TestInvoker.invokeTestMethod(TestInvoker.java:230)
at org.testng.internal.invokers.MethodRunner.runInSequence(MethodRunner.java:63)
at org.testng.internal.invokers.TestInvoker$MethodInvocationAgent.invoke(TestInvoker.java:992)
at org.testng.internal.invokers.TestInvoker.invokeTestMethods(TestInvoker.java:203)
at org.testng.internal.invokers.TestMethodWorker.invokeTestMethods(TestMethodWorker.java:154)
at org.testng.internal.invokers.TestMethodWorker.run(TestMethodWorker.java:134)
at java.base/java.util.ArrayList.forEach(ArrayList.java:1604)
at org.testng.TestRunner.privateRun(TestRunner.java:739)
at org.testng.TestRunner.run(TestRunner.java:614)
at org.testng.SuiteRunner.runTest(SuiteRunner.java:421)
at org.testng.SuiteRunner.runSequentially(SuiteRunner.java:413)
at org.testng.SuiteRunner.privateRun(SuiteRunner.java:373)
at org.testng.SuiteRunner.run(SuiteRunner.java:312)
at org.testng.SuiteRunnerWorker.runSuite(SuiteRunnerWorker.java:52)
at org.testng.SuiteRunnerWorker.run(SuiteRunnerWorker.java:95)
at org.testng.TestNG.runSuitesSequentially(TestNG.java:1274)
at org.testng.TestNG.runSuitesLocally(TestNG.java:1208)
at org.testng.TestNG.runSuites(TestNG.java:1112)
at org.testng.TestNG.run(TestNG.java:1079)
at org.apache.maven.surefire.testng.TestNGExecutor.run(TestNGExecutor.java:324)
at org.apache.maven.surefire.testng.TestNGXmlTestSuite.execute(TestNGXmlTestSuite.java:74)
at org.apache.maven.surefire.testng.TestNGProvider.invoke(TestNGProvider.java:123)
at org.apache.maven.surefire.booter.ForkedBooter.runSuitesInProcess(ForkedBooter.java:456)
at org.apache.maven.surefire.booter.ForkedBooter.execute(ForkedBooter.java:169)
at org.apache.maven.surefire.booter.ForkedBooter.run(ForkedBooter.java:595)
at org.apache.maven.surefire.booter.ForkedBooter.main(ForkedBooter.java:581)
]]>
            </full-stacktrace>
          </exception> <!-- java.lang.IllegalArgumentException -->
          <reporter-output>
          </reporter-output>
        </test-method> <!-- testRegisterInvalid -->
        <test-method signature="testRegisterInvalid(java.lang.String,java.lang.String,java.lang.String)[pri:0, instance:com.juaracoding.oop.AuthTest@222114ba]" started-at="2026-03-17T19:31:14 WIB" name="testRegisterInvalid" data-provider="registerInvalidData" finished-at="2026-03-17T19:31:14 WIB" duration-ms="1" status="PASS">
          <params>
            <param index="0">
              <value>
                <![CDATA[invalidNik]]>
              </value>
            </param>
            <param index="1">
              <value>
                <![CDATA[user]]>
              </value>
            </param>
            <param index="2">
              <value>
                <![CDATA[password123]]>
              </value>
            </param>
          </params>
          <exception class="java.lang.IllegalArgumentException">
            <message>
              <![CDATA[NIK must be 16 characters long and contain only digits]]>
            </message>
            <full-stacktrace>
              <![CDATA[java.lang.IllegalArgumentException: NIK must be 16 characters long and contain only digits
at com.juaracoding.oop.Auth.register(Auth.java:14)
at com.juaracoding.oop.AuthTest.testRegisterInvalid(AuthTest.java:74)
at java.base/jdk.internal.reflect.DirectMethodHandleAccessor.invoke(DirectMethodHandleAccessor.java:104)
at java.base/java.lang.reflect.Method.invoke(Method.java:565)
at org.testng.internal.invokers.MethodInvocationHelper.invokeMethod(MethodInvocationHelper.java:141)
at org.testng.internal.invokers.TestInvoker.invokeMethod(TestInvoker.java:686)
at org.testng.internal.invokers.TestInvoker.invokeTestMethod(TestInvoker.java:230)
at org.testng.internal.invokers.MethodRunner.runInSequence(MethodRunner.java:63)
at org.testng.internal.invokers.TestInvoker$MethodInvocationAgent.invoke(TestInvoker.java:992)
at org.testng.internal.invokers.TestInvoker.invokeTestMethods(TestInvoker.java:203)
at org.testng.internal.invokers.TestMethodWorker.invokeTestMethods(TestMethodWorker.java:154)
at org.testng.internal.invokers.TestMethodWorker.run(TestMethodWorker.java:134)
at java.base/java.util.ArrayList.forEach(ArrayList.java:1604)
at org.testng.TestRunner.privateRun(TestRunner.java:739)
at org.testng.TestRunner.run(TestRunner.java:614)
at org.testng.SuiteRunner.runTest(SuiteRunner.java:421)
at org.testng.SuiteRunner.runSequentially(SuiteRunner.java:413)
at org.testng.SuiteRunner.privateRun(SuiteRunner.java:373)
at org.testng.SuiteRunner.run(SuiteRunner.java:312)
at org.testng.SuiteRunnerWorker.runSuite(SuiteRunnerWorker.java:52)
at org.testng.SuiteRunnerWorker.run(SuiteRunnerWorker.java:95)
at org.testng.TestNG.runSuitesSequentially(TestNG.java:1274)
at org.testng.TestNG.runSuitesLocally(TestNG.java:1208)
at org.testng.TestNG.runSuites(TestNG.java:1112)
at org.testng.TestNG.run(TestNG.java:1079)
at org.apache.maven.surefire.testng.TestNGExecutor.run(TestNGExecutor.java:324)
at org.apache.maven.surefire.testng.TestNGXmlTestSuite.execute(TestNGXmlTestSuite.java:74)
at org.apache.maven.surefire.testng.TestNGProvider.invoke(TestNGProvider.java:123)
at org.apache.maven.surefire.booter.ForkedBooter.runSuitesInProcess(ForkedBooter.java:456)
at org.apache.maven.surefire.booter.ForkedBooter.execute(ForkedBooter.java:169)
at org.apache.maven.surefire.booter.ForkedBooter.run(ForkedBooter.java:595)
at org.apache.maven.surefire.booter.ForkedBooter.main(ForkedBooter.java:581)
]]>
            </full-stacktrace>
          </exception> <!-- java.lang.IllegalArgumentException -->
          <reporter-output>
          </reporter-output>
        </test-method> <!-- testRegisterInvalid -->
        <test-method signature="testRegisterWithInvalidNik()[pri:0, instance:com.juaracoding.oop.AuthTest@222114ba]" started-at="2026-03-17T19:31:14 WIB" name="testRegisterWithInvalidNik" finished-at="2026-03-17T19:31:14 WIB" duration-ms="0" status="PASS">
          <exception class="java.lang.IllegalArgumentException">
            <message>
              <![CDATA[NIK must be 16 characters long and contain only digits]]>
            </message>
            <full-stacktrace>
              <![CDATA[java.lang.IllegalArgumentException: NIK must be 16 characters long and contain only digits
at com.juaracoding.oop.Auth.register(Auth.java:14)
at com.juaracoding.oop.AuthTest.testRegisterWithInvalidNik(AuthTest.java:57)
at java.base/jdk.internal.reflect.DirectMethodHandleAccessor.invoke(DirectMethodHandleAccessor.java:104)
at java.base/java.lang.reflect.Method.invoke(Method.java:565)
at org.testng.internal.invokers.MethodInvocationHelper.invokeMethod(MethodInvocationHelper.java:141)
at org.testng.internal.invokers.TestInvoker.invokeMethod(TestInvoker.java:686)
at org.testng.internal.invokers.TestInvoker.invokeTestMethod(TestInvoker.java:230)
at org.testng.internal.invokers.MethodRunner.runInSequence(MethodRunner.java:63)
at org.testng.internal.invokers.TestInvoker$MethodInvocationAgent.invoke(TestInvoker.java:992)
at org.testng.internal.invokers.TestInvoker.invokeTestMethods(TestInvoker.java:203)
at org.testng.internal.invokers.TestMethodWorker.invokeTestMethods(TestMethodWorker.java:154)
at org.testng.internal.invokers.TestMethodWorker.run(TestMethodWorker.java:134)
at java.base/java.util.ArrayList.forEach(ArrayList.java:1604)
at org.testng.TestRunner.privateRun(TestRunner.java:739)
at org.testng.TestRunner.run(TestRunner.java:614)
at org.testng.SuiteRunner.runTest(SuiteRunner.java:421)
at org.testng.SuiteRunner.runSequentially(SuiteRunner.java:413)
at org.testng.SuiteRunner.privateRun(SuiteRunner.java:373)
at org.testng.SuiteRunner.run(SuiteRunner.java:312)
at org.testng.SuiteRunnerWorker.runSuite(SuiteRunnerWorker.java:52)
at org.testng.SuiteRunnerWorker.run(SuiteRunnerWorker.java:95)
at org.testng.TestNG.runSuitesSequentially(TestNG.java:1274)
at org.testng.TestNG.runSuitesLocally(TestNG.java:1208)
at org.testng.TestNG.runSuites(TestNG.java:1112)
at org.testng.TestNG.run(TestNG.java:1079)
at org.apache.maven.surefire.testng.TestNGExecutor.run(TestNGExecutor.java:324)
at org.apache.maven.surefire.testng.TestNGXmlTestSuite.execute(TestNGXmlTestSuite.java:74)
at org.apache.maven.surefire.testng.TestNGProvider.invoke(TestNGProvider.java:123)
at org.apache.maven.surefire.booter.ForkedBooter.runSuitesInProcess(ForkedBooter.java:456)
at org.apache.maven.surefire.booter.ForkedBooter.execute(ForkedBooter.java:169)
at org.apache.maven.surefire.booter.ForkedBooter.run(ForkedBooter.java:595)
at org.apache.maven.surefire.booter.ForkedBooter.main(ForkedBooter.java:581)
]]>
            </full-stacktrace>
          </exception> <!-- java.lang.IllegalArgumentException -->
          <reporter-output>
          </reporter-output>
        </test-method> <!-- testRegisterWithInvalidNik -->
      </class> <!-- com.juaracoding.oop.AuthTest -->
      <class name="com.juaracoding.oop.CalculatorTest">
        <test-method is-config="true" signature="setup()[pri:0, instance:com.juaracoding.oop.CalculatorTest@4c1d9d4b]" started-at="2026-03-17T19:31:14 WIB" name="setup" finished-at="2026-03-17T19:31:14 WIB" duration-ms="1" status="PASS">
          <reporter-output>
          </reporter-output>
        </test-method> <!-- setup -->
        <test-method is-config="true" signature="beforeMethod()[pri:0, instance:com.juaracoding.oop.CalculatorTest@4c1d9d4b]" started-at="2026-03-17T19:31:14 WIB" name="beforeMethod" finished-at="2026-03-17T19:31:14 WIB" duration-ms="0" status="PASS">
          <reporter-output>
          </reporter-output>
        </test-method> <!-- beforeMethod -->
        <test-method signature="testAdd(int,int,int)[pri:1, instance:com.juaracoding.oop.CalculatorTest@4c1d9d4b]" started-at="2026-03-17T19:31:14 WIB" name="testAdd" data-provider="addData" finished-at="2026-03-17T19:31:14 WIB" duration-ms="7" status="PASS">
          <params>
            <param index="0">
              <value>
                <![CDATA[1]]>
              </value>
            </param>
            <param index="1">
              <value>
                <![CDATA[1]]>
              </value>
            </param>
            <param index="2">
              <value>
                <![CDATA[2]]>
              </value>
            </param>
          </params>
          <reporter-output>
          </reporter-output>
        </test-method> <!-- testAdd -->
        <test-method is-config="true" signature="beforeMethod()[pri:0, instance:com.juaracoding.oop.CalculatorTest@4c1d9d4b]" started-at="2026-03-17T19:31:14 WIB" name="beforeMethod" finished-at="2026-03-17T19:31:14 WIB" duration-ms="0" status="PASS">
          <reporter-output>
          </reporter-output>
        </test-method> <!-- beforeMethod -->
        <test-method signature="testAdd(int,int,int)[pri:1, instance:com.juaracoding.oop.CalculatorTest@4c1d9d4b]" started-at="2026-03-17T19:31:14 WIB" name="testAdd" data-provider="addData" finished-at="2026-03-17T19:31:14 WIB" duration-ms="0" status="PASS">
          <params>
            <param index="0">
              <value>
                <![CDATA[0]]>
              </value>
            </param>
            <param index="1">
              <value>
                <![CDATA[5]]>
              </value>
            </param>
            <param index="2">
              <value>
                <![CDATA[5]]>
              </value>
            </param>
          </params>
          <reporter-output>
          </reporter-output>
        </test-method> <!-- testAdd -->
        <test-method is-config="true" signature="beforeMethod()[pri:0, instance:com.juaracoding.oop.CalculatorTest@4c1d9d4b]" started-at="2026-03-17T19:31:14 WIB" name="beforeMethod" finished-at="2026-03-17T19:31:14 WIB" duration-ms="1" status="PASS">
          <reporter-output>
          </reporter-output>
        </test-method> <!-- beforeMethod -->
        <test-method signature="testAdd(int,int,int)[pri:1, instance:com.juaracoding.oop.CalculatorTest@4c1d9d4b]" started-at="2026-03-17T19:31:14 WIB" name="testAdd" data-provider="addData" finished-at="2026-03-17T19:31:14 WIB" duration-ms="0" status="PASS">
          <params>
            <param index="0">
              <value>
                <![CDATA[-1]]>
              </value>
            </param>
            <param index="1">
              <value>
                <![CDATA[1]]>
              </value>
            </param>
            <param index="2">
              <value>
                <![CDATA[0]]>
              </value>
            </param>
          </params>
          <reporter-output>
          </reporter-output>
        </test-method> <!-- testAdd -->
        <test-method is-config="true" signature="beforeMethod()[pri:0, instance:com.juaracoding.oop.CalculatorTest@4c1d9d4b]" started-at="2026-03-17T19:31:14 WIB" name="beforeMethod" finished-at="2026-03-17T19:31:14 WIB" duration-ms="0" status="PASS">
          <reporter-output>
          </reporter-output>
        </test-method> <!-- beforeMethod -->
        <test-method signature="testAdd(int,int,int)[pri:1, instance:com.juaracoding.oop.CalculatorTest@4c1d9d4b]" started-at="2026-03-17T19:31:14 WIB" name="testAdd" data-provider="addData" finished-at="2026-03-17T19:31:14 WIB" duration-ms="0" status="PASS">
          <params>
            <param index="0">
              <value>
                <![CDATA[100]]>
              </value>
            </param>
            <param index="1">
              <value>
                <![CDATA[200]]>
              </value>
            </param>
            <param index="2">
              <value>
                <![CDATA[300]]>
              </value>
            </param>
          </params>
          <reporter-output>
          </reporter-output>
        </test-method> <!-- testAdd -->
        <test-method signature="testAdd(int,int,int)[pri:1, instance:com.juaracoding.oop.CalculatorTest@4c1d9d4b]" started-at="2026-03-17T19:31:14 WIB" name="testAdd" data-provider="addData" finished-at="2026-03-17T19:31:14 WIB" duration-ms="1" status="PASS">
          <params>
            <param index="0">
              <value>
                <![CDATA[5]]>
              </value>
            </param>
            <param index="1">
              <value>
                <![CDATA[3]]>
              </value>
            </param>
            <param index="2">
              <value>
                <![CDATA[8]]>
              </value>
            </param>
          </params>
          <reporter-output>
          </reporter-output>
        </test-method> <!-- testAdd -->
        <test-method is-config="true" signature="beforeMethod()[pri:0, instance:com.juaracoding.oop.CalculatorTest@4c1d9d4b]" started-at="2026-03-17T19:31:14 WIB" name="beforeMethod" finished-at="2026-03-17T19:31:14 WIB" duration-ms="0" status="PASS">
          <reporter-output>
          </reporter-output>
        </test-method> <!-- beforeMethod -->
        <test-method signature="testSubtract(java.lang.Object,java.lang.Object,java.lang.Object)[pri:2, instance:com.juaracoding.oop.CalculatorTest@4c1d9d4b]" started-at="2026-03-17T19:31:15 WIB" name="testSubtract" data-provider="subtractData" finished-at="2026-03-17T19:31:15 WIB" duration-ms="1" status="PASS">
          <params>
            <param index="0">
              <value>
                <![CDATA[5]]>
              </value>
            </param>
            <param index="1">
              <value>
                <![CDATA[2]]>
              </value>
            </param>
            <param index="2">
              <value>
                <![CDATA[3]]>
              </value>
            </param>
          </params>
          <reporter-output>
          </reporter-output>
        </test-method> <!-- testSubtract -->
        <test-method is-config="true" signature="beforeMethod()[pri:0, instance:com.juaracoding.oop.CalculatorTest@4c1d9d4b]" started-at="2026-03-17T19:31:15 WIB" name="beforeMethod" finished-at="2026-03-17T19:31:15 WIB" duration-ms="0" status="PASS">
          <reporter-output>
          </reporter-output>
        </test-method> <!-- beforeMethod -->
        <test-method is-config="true" signature="beforeMethod()[pri:0, instance:com.juaracoding.oop.CalculatorTest@4c1d9d4b]" started-at="2026-03-17T19:31:15 WIB" name="beforeMethod" finished-at="2026-03-17T19:31:15 WIB" duration-ms="1" status="PASS">
          <reporter-output>
          </reporter-output>
        </test-method> <!-- beforeMethod -->
        <test-method signature="testSubtract(java.lang.Object,java.lang.Object,java.lang.Object)[pri:2, instance:com.juaracoding.oop.CalculatorTest@4c1d9d4b]" started-at="2026-03-17T19:31:15 WIB" name="testSubtract" data-provider="subtractData" finished-at="2026-03-17T19:31:15 WIB" duration-ms="2" status="PASS">
          <params>
            <param index="0">
              <value>
                <![CDATA[10]]>
              </value>
            </param>
            <param index="1">
              <value>
                <![CDATA[5]]>
              </value>
            </param>
            <param index="2">
              <value>
                <![CDATA[5]]>
              </value>
            </param>
          </params>
          <reporter-output>
          </reporter-output>
        </test-method> <!-- testSubtract -->
        <test-method is-config="true" signature="beforeMethod()[pri:0, instance:com.juaracoding.oop.CalculatorTest@4c1d9d4b]" started-at="2026-03-17T19:31:15 WIB" name="beforeMethod" finished-at="2026-03-17T19:31:15 WIB" duration-ms="1" status="PASS">
          <reporter-output>
          </reporter-output>
        </test-method> <!-- beforeMethod -->
        <test-method signature="testSubtract(java.lang.Object,java.lang.Object,java.lang.Object)[pri:2, instance:com.juaracoding.oop.CalculatorTest@4c1d9d4b]" started-at="2026-03-17T19:31:15 WIB" name="testSubtract" data-provider="subtractData" finished-at="2026-03-17T19:31:15 WIB" duration-ms="1" status="PASS">
          <params>
            <param index="0">
              <value>
                <![CDATA[4]]>
              </value>
            </param>
            <param index="1">
              <value>
                <![CDATA[2]]>
              </value>
            </param>
            <param index="2">
              <value>
                <![CDATA[2]]>
              </value>
            </param>
          </params>
          <reporter-output>
          </reporter-output>
        </test-method> <!-- testSubtract -->
        <test-method is-config="true" signature="beforeMethod()[pri:0, instance:com.juaracoding.oop.CalculatorTest@4c1d9d4b]" started-at="2026-03-17T19:31:15 WIB" name="beforeMethod" finished-at="2026-03-17T19:31:15 WIB" duration-ms="1" status="PASS">
          <reporter-output>
          </reporter-output>
        </test-method> <!-- beforeMethod -->
        <test-method signature="testSubtract(java.lang.Object,java.lang.Object,java.lang.Object)[pri:2, instance:com.juaracoding.oop.CalculatorTest@4c1d9d4b]" started-at="2026-03-17T19:31:15 WIB" name="testSubtract" data-provider="subtractData" finished-at="2026-03-17T19:31:15 WIB" duration-ms="0" status="PASS">
          <params>
            <param index="0">
              <value>
                <![CDATA[10]]>
              </value>
            </param>
            <param index="1">
              <value>
                <![CDATA[7]]>
              </value>
            </param>
            <param index="2">
              <value>
                <![CDATA[3]]>
              </value>
            </param>
          </params>
          <reporter-output>
          </reporter-output>
        </test-method> <!-- testSubtract -->
        <test-method is-config="true" signature="beforeMethod()[pri:0, instance:com.juaracoding.oop.CalculatorTest@4c1d9d4b]" started-at="2026-03-17T19:31:15 WIB" name="beforeMethod" finished-at="2026-03-17T19:31:15 WIB" duration-ms="1" status="PASS">
          <reporter-output>
          </reporter-output>
        </test-method> <!-- beforeMethod -->
        <test-method signature="testMultiply()[pri:3, instance:com.juaracoding.oop.CalculatorTest@4c1d9d4b]" started-at="2026-03-17T19:31:15 WIB" name="testMultiply" finished-at="2026-03-17T19:31:15 WIB" duration-ms="1" status="PASS">
          <reporter-output>
          </reporter-output>
        </test-method> <!-- testMultiply -->
        <test-method is-config="true" signature="beforeMethod()[pri:0, instance:com.juaracoding.oop.CalculatorTest@4c1d9d4b]" started-at="2026-03-17T19:31:15 WIB" name="beforeMethod" finished-at="2026-03-17T19:31:15 WIB" duration-ms="1" status="PASS">
          <reporter-output>
          </reporter-output>
        </test-method> <!-- beforeMethod -->
        <test-method signature="testDivide()[pri:4, instance:com.juaracoding.oop.CalculatorTest@4c1d9d4b]" started-at="2026-03-17T19:31:15 WIB" name="testDivide" finished-at="2026-03-17T19:31:15 WIB" duration-ms="1" status="PASS">
          <reporter-output>
          </reporter-output>
        </test-method> <!-- testDivide -->
        <test-method is-config="true" signature="beforeMethod()[pri:0, instance:com.juaracoding.oop.CalculatorTest@4c1d9d4b]" started-at="2026-03-17T19:31:15 WIB" name="beforeMethod" finished-at="2026-03-17T19:31:15 WIB" duration-ms="1" status="PASS">
          <reporter-output>
          </reporter-output>
        </test-method> <!-- beforeMethod -->
        <test-method signature="testDivideByZero()[pri:5, instance:com.juaracoding.oop.CalculatorTest@4c1d9d4b]" started-at="2026-03-17T19:31:15 WIB" name="testDivideByZero" finished-at="2026-03-17T19:31:15 WIB" depends-on-methods="com.juaracoding.oop.CalculatorTest.testDivide" duration-ms="2" status="PASS">
          <exception class="java.lang.IllegalArgumentException">
            <message>
              <![CDATA[Cannot divide by zero]]>
            </message>
            <full-stacktrace>
              <![CDATA[java.lang.IllegalArgumentException: Cannot divide by zero
at com.juaracoding.oop.Calculator.divide(Calculator.java:28)
at com.juaracoding.oop.CalculatorTest.testDivideByZero(CalculatorTest.java:85)
at java.base/jdk.internal.reflect.DirectMethodHandleAccessor.invoke(DirectMethodHandleAccessor.java:104)
at java.base/java.lang.reflect.Method.invoke(Method.java:565)
at org.testng.internal.invokers.MethodInvocationHelper.invokeMethod(MethodInvocationHelper.java:141)
at org.testng.internal.invokers.TestInvoker.invokeMethod(TestInvoker.java:686)
at org.testng.internal.invokers.TestInvoker.invokeTestMethod(TestInvoker.java:230)
at org.testng.internal.invokers.MethodRunner.runInSequence(MethodRunner.java:63)
at org.testng.internal.invokers.TestInvoker$MethodInvocationAgent.invoke(TestInvoker.java:992)
at org.testng.internal.invokers.TestInvoker.invokeTestMethods(TestInvoker.java:203)
at org.testng.internal.invokers.TestMethodWorker.invokeTestMethods(TestMethodWorker.java:154)
at org.testng.internal.invokers.TestMethodWorker.run(TestMethodWorker.java:134)
at java.base/java.util.ArrayList.forEach(ArrayList.java:1604)
at org.testng.TestRunner.privateRun(TestRunner.java:739)
at org.testng.TestRunner.run(TestRunner.java:614)
at org.testng.SuiteRunner.runTest(SuiteRunner.java:421)
at org.testng.SuiteRunner.runSequentially(SuiteRunner.java:413)
at org.testng.SuiteRunner.privateRun(SuiteRunner.java:373)
at org.testng.SuiteRunner.run(SuiteRunner.java:312)
at org.testng.SuiteRunnerWorker.runSuite(SuiteRunnerWorker.java:52)
at org.testng.SuiteRunnerWorker.run(SuiteRunnerWorker.java:95)
at org.testng.TestNG.runSuitesSequentially(TestNG.java:1274)
at org.testng.TestNG.runSuitesLocally(TestNG.java:1208)
at org.testng.TestNG.runSuites(TestNG.java:1112)
at org.testng.TestNG.run(TestNG.java:1079)
at org.apache.maven.surefire.testng.TestNGExecutor.run(TestNGExecutor.java:324)
at org.apache.maven.surefire.testng.TestNGXmlTestSuite.execute(TestNGXmlTestSuite.java:74)
at org.apache.maven.surefire.testng.TestNGProvider.invoke(TestNGProvider.java:123)
at org.apache.maven.surefire.booter.ForkedBooter.runSuitesInProcess(ForkedBooter.java:456)
at org.apache.maven.surefire.booter.ForkedBooter.execute(ForkedBooter.java:169)
at org.apache.maven.surefire.booter.ForkedBooter.run(ForkedBooter.java:595)
at org.apache.maven.surefire.booter.ForkedBooter.main(ForkedBooter.java:581)
]]>
            </full-stacktrace>
          </exception> <!-- java.lang.IllegalArgumentException -->
          <reporter-output>
          </reporter-output>
        </test-method> <!-- testDivideByZero -->
      </class> <!-- com.juaracoding.oop.CalculatorTest -->
      <class name="com.juaracoding.oop.KaryawanTest">
        <test-method is-config="true" signature="setup()[pri:0, instance:com.juaracoding.oop.KaryawanTest@3901d134]" started-at="2026-03-17T19:31:14 WIB" name="setup" finished-at="2026-03-17T19:31:14 WIB" duration-ms="3" status="PASS">
          <reporter-output>
          </reporter-output>
        </test-method> <!-- setup -->
        <test-method signature="testSetNama()[pri:1, instance:com.juaracoding.oop.KaryawanTest@3901d134]" started-at="2026-03-17T19:31:14 WIB" name="testSetNama" finished-at="2026-03-17T19:31:14 WIB" duration-ms="1" status="PASS">
          <reporter-output>
          </reporter-output>
        </test-method> <!-- testSetNama -->
        <test-method signature="testSetJabatan()[pri:2, instance:com.juaracoding.oop.KaryawanTest@3901d134]" started-at="2026-03-17T19:31:14 WIB" name="testSetJabatan" finished-at="2026-03-17T19:31:14 WIB" duration-ms="0" status="PASS">
          <reporter-output>
          </reporter-output>
        </test-method> <!-- testSetJabatan -->
        <test-method signature="testSetSalary()[pri:3, instance:com.juaracoding.oop.KaryawanTest@3901d134]" started-at="2026-03-17T19:31:14 WIB" name="testSetSalary" finished-at="2026-03-17T19:31:14 WIB" duration-ms="2" status="PASS">
          <reporter-output>
          </reporter-output>
        </test-method> <!-- testSetSalary -->
        <test-method signature="testSetNegativeSalary()[pri:4, instance:com.juaracoding.oop.KaryawanTest@3901d134]" started-at="2026-03-17T19:31:14 WIB" name="testSetNegativeSalary" finished-at="2026-03-17T19:31:14 WIB" duration-ms="1" status="PASS">
          <exception class="java.lang.IllegalArgumentException">
            <message>
              <![CDATA[Salary cannot be negative]]>
            </message>
            <full-stacktrace>
              <![CDATA[java.lang.IllegalArgumentException: Salary cannot be negative
at com.juaracoding.oop.Karyawan.setSalary(Karyawan.java:32)
at com.juaracoding.oop.KaryawanTest.testSetNegativeSalary(KaryawanTest.java:40)
at java.base/jdk.internal.reflect.DirectMethodHandleAccessor.invoke(DirectMethodHandleAccessor.java:104)
at java.base/java.lang.reflect.Method.invoke(Method.java:565)
at org.testng.internal.invokers.MethodInvocationHelper.invokeMethod(MethodInvocationHelper.java:141)
at org.testng.internal.invokers.TestInvoker.invokeMethod(TestInvoker.java:686)
at org.testng.internal.invokers.TestInvoker.invokeTestMethod(TestInvoker.java:230)
at org.testng.internal.invokers.MethodRunner.runInSequence(MethodRunner.java:63)
at org.testng.internal.invokers.TestInvoker$MethodInvocationAgent.invoke(TestInvoker.java:992)
at org.testng.internal.invokers.TestInvoker.invokeTestMethods(TestInvoker.java:203)
at org.testng.internal.invokers.TestMethodWorker.invokeTestMethods(TestMethodWorker.java:154)
at org.testng.internal.invokers.TestMethodWorker.run(TestMethodWorker.java:134)
at java.base/java.util.ArrayList.forEach(ArrayList.java:1604)
at org.testng.TestRunner.privateRun(TestRunner.java:739)
at org.testng.TestRunner.run(TestRunner.java:614)
at org.testng.SuiteRunner.runTest(SuiteRunner.java:421)
at org.testng.SuiteRunner.runSequentially(SuiteRunner.java:413)
at org.testng.SuiteRunner.privateRun(SuiteRunner.java:373)
at org.testng.SuiteRunner.run(SuiteRunner.java:312)
at org.testng.SuiteRunnerWorker.runSuite(SuiteRunnerWorker.java:52)
at org.testng.SuiteRunnerWorker.run(SuiteRunnerWorker.java:95)
at org.testng.TestNG.runSuitesSequentially(TestNG.java:1274)
at org.testng.TestNG.runSuitesLocally(TestNG.java:1208)
at org.testng.TestNG.runSuites(TestNG.java:1112)
at org.testng.TestNG.run(TestNG.java:1079)
at org.apache.maven.surefire.testng.TestNGExecutor.run(TestNGExecutor.java:324)
at org.apache.maven.surefire.testng.TestNGXmlTestSuite.execute(TestNGXmlTestSuite.java:74)
at org.apache.maven.surefire.testng.TestNGProvider.invoke(TestNGProvider.java:123)
at org.apache.maven.surefire.booter.ForkedBooter.runSuitesInProcess(ForkedBooter.java:456)
at org.apache.maven.surefire.booter.ForkedBooter.execute(ForkedBooter.java:169)
at org.apache.maven.surefire.booter.ForkedBooter.run(ForkedBooter.java:595)
at org.apache.maven.surefire.booter.ForkedBooter.main(ForkedBooter.java:581)
]]>
            </full-stacktrace>
          </exception> <!-- java.lang.IllegalArgumentException -->
          <reporter-output>
          </reporter-output>
        </test-method> <!-- testSetNegativeSalary -->
        <test-method signature="testCalculateAnnualSalary()[pri:5, instance:com.juaracoding.oop.KaryawanTest@3901d134]" started-at="2026-03-17T19:31:14 WIB" name="testCalculateAnnualSalary" finished-at="2026-03-17T19:31:14 WIB" duration-ms="0" status="PASS">
          <reporter-output>
          </reporter-output>
        </test-method> <!-- testCalculateAnnualSalary -->
        <test-method signature="testCalculateTax()[pri:6, instance:com.juaracoding.oop.KaryawanTest@3901d134]" started-at="2026-03-17T19:31:14 WIB" name="testCalculateTax" finished-at="2026-03-17T19:31:14 WIB" duration-ms="1" status="PASS">
          <reporter-output>
          </reporter-output>
        </test-method> <!-- testCalculateTax -->
      </class> <!-- com.juaracoding.oop.KaryawanTest -->
      <class name="test.Ujian2">
        <test-method is-config="true" signature="setup()[pri:0, instance:test.Ujian2@7b227d8d]" started-at="2026-03-17T19:31:15 WIB" name="setup" finished-at="2026-03-17T19:31:15 WIB" duration-ms="1" status="PASS">
          <reporter-output>
          </reporter-output>
        </test-method> <!-- setup -->
        <test-method signature="testGetDaftarKaryawan()[pri:0, instance:test.Ujian2@7b227d8d]" started-at="2026-03-17T19:31:15 WIB" name="testGetDaftarKaryawan" finished-at="2026-03-17T19:31:15 WIB" duration-ms="1" status="PASS">
          <reporter-output>
          </reporter-output>
        </test-method> <!-- testGetDaftarKaryawan -->
        <test-method is-config="true" signature="setup()[pri:0, instance:test.Ujian2@7b227d8d]" started-at="2026-03-17T19:31:15 WIB" name="setup" finished-at="2026-03-17T19:31:15 WIB" duration-ms="0" status="PASS">
          <reporter-output>
          </reporter-output>
        </test-method> <!-- setup -->
        <test-method signature="testGetJumlahKaryawan()[pri:0, instance:test.Ujian2@7b227d8d]" started-at="2026-03-17T19:31:15 WIB" name="testGetJumlahKaryawan" finished-at="2026-03-17T19:31:15 WIB" duration-ms="1" status="PASS">
          <reporter-output>
          </reporter-output>
        </test-method> <!-- testGetJumlahKaryawan -->
        <test-method is-config="true" signature="setup()[pri:0, instance:test.Ujian2@7b227d8d]" started-at="2026-03-17T19:31:15 WIB" name="setup" finished-at="2026-03-17T19:31:15 WIB" duration-ms="1" status="PASS">
          <reporter-output>
          </reporter-output>
        </test-method> <!-- setup -->
        <test-method signature="testGetNamaDivisi()[pri:0, instance:test.Ujian2@7b227d8d]" started-at="2026-03-17T19:31:15 WIB" name="testGetNamaDivisi" finished-at="2026-03-17T19:31:15 WIB" duration-ms="0" status="PASS">
          <reporter-output>
          </reporter-output>
        </test-method> <!-- testGetNamaDivisi -->
        <test-method is-config="true" signature="setup()[pri:0, instance:test.Ujian2@7b227d8d]" started-at="2026-03-17T19:31:15 WIB" name="setup" finished-at="2026-03-17T19:31:15 WIB" duration-ms="1" status="PASS">
          <reporter-output>
          </reporter-output>
        </test-method> <!-- setup -->
        <test-method signature="testHitungGajiTotalLainnya()[pri:0, instance:test.Ujian2@7b227d8d]" started-at="2026-03-17T19:31:15 WIB" name="testHitungGajiTotalLainnya" finished-at="2026-03-17T19:31:15 WIB" duration-ms="1" status="PASS">
          <reporter-output>
          </reporter-output>
        </test-method> <!-- testHitungGajiTotalLainnya -->
        <test-method is-config="true" signature="setup()[pri:0, instance:test.Ujian2@7b227d8d]" started-at="2026-03-17T19:31:15 WIB" name="setup" finished-at="2026-03-17T19:31:15 WIB" duration-ms="1" status="PASS">
          <reporter-output>
          </reporter-output>
        </test-method> <!-- setup -->
        <test-method signature="testHitungGajiTotalManager()[pri:0, instance:test.Ujian2@7b227d8d]" started-at="2026-03-17T19:31:15 WIB" name="testHitungGajiTotalManager" finished-at="2026-03-17T19:31:15 WIB" duration-ms="1" status="PASS">
          <reporter-output>
          </reporter-output>
        </test-method> <!-- testHitungGajiTotalManager -->
        <test-method is-config="true" signature="setup()[pri:0, instance:test.Ujian2@7b227d8d]" started-at="2026-03-17T19:31:15 WIB" name="setup" finished-at="2026-03-17T19:31:15 WIB" duration-ms="1" status="PASS">
          <reporter-output>
          </reporter-output>
        </test-method> <!-- setup -->
        <test-method signature="testHitungGajiTotalStaff()[pri:0, instance:test.Ujian2@7b227d8d]" started-at="2026-03-17T19:31:15 WIB" name="testHitungGajiTotalStaff" finished-at="2026-03-17T19:31:15 WIB" duration-ms="0" status="PASS">
          <reporter-output>
          </reporter-output>
        </test-method> <!-- testHitungGajiTotalStaff -->
        <test-method is-config="true" signature="setup()[pri:0, instance:test.Ujian2@7b227d8d]" started-at="2026-03-17T19:31:15 WIB" name="setup" finished-at="2026-03-17T19:31:15 WIB" duration-ms="1" status="PASS">
          <reporter-output>
          </reporter-output>
        </test-method> <!-- setup -->
        <test-method signature="testSetGajiPokok()[pri:0, instance:test.Ujian2@7b227d8d]" started-at="2026-03-17T19:31:15 WIB" name="testSetGajiPokok" finished-at="2026-03-17T19:31:15 WIB" duration-ms="0" status="PASS">
          <reporter-output>
          </reporter-output>
        </test-method> <!-- testSetGajiPokok -->
        <test-method signature="testSetJabatan()[pri:0, instance:test.Ujian2@7b227d8d]" started-at="2026-03-17T19:31:15 WIB" name="testSetJabatan" finished-at="2026-03-17T19:31:15 WIB" duration-ms="1" status="PASS">
          <reporter-output>
          </reporter-output>
        </test-method> <!-- testSetJabatan -->
        <test-method is-config="true" signature="setup()[pri:0, instance:test.Ujian2@7b227d8d]" started-at="2026-03-17T19:31:15 WIB" name="setup" finished-at="2026-03-17T19:31:15 WIB" duration-ms="0" status="PASS">
          <reporter-output>
          </reporter-output>
        </test-method> <!-- setup -->
        <test-method is-config="true" signature="setup()[pri:0, instance:test.Ujian2@7b227d8d]" started-at="2026-03-17T19:31:15 WIB" name="setup" finished-at="2026-03-17T19:31:15 WIB" duration-ms="1" status="PASS">
          <reporter-output>
          </reporter-output>
        </test-method> <!-- setup -->
        <test-method signature="testSetNama()[pri:0, instance:test.Ujian2@7b227d8d]" started-at="2026-03-17T19:31:15 WIB" name="testSetNama" finished-at="2026-03-17T19:31:15 WIB" duration-ms="1" status="PASS">
          <reporter-output>
          </reporter-output>
        </test-method> <!-- testSetNama -->
        <test-method is-config="true" signature="setup()[pri:0, instance:test.Ujian2@7b227d8d]" started-at="2026-03-17T19:31:15 WIB" name="setup" finished-at="2026-03-17T19:31:15 WIB" duration-ms="1" status="PASS">
          <reporter-output>
          </reporter-output>
        </test-method> <!-- setup -->
        <test-method signature="testSetNamaDivisi()[pri:0, instance:test.Ujian2@7b227d8d]" started-at="2026-03-17T19:31:15 WIB" name="testSetNamaDivisi" finished-at="2026-03-17T19:31:15 WIB" duration-ms="0" status="PASS">
          <reporter-output>
          </reporter-output>
        </test-method> <!-- testSetNamaDivisi -->
        <test-method signature="testSetNegativeGajiPokok()[pri:0, instance:test.Ujian2@7b227d8d]" started-at="2026-03-17T19:31:15 WIB" name="testSetNegativeGajiPokok" finished-at="2026-03-17T19:31:15 WIB" duration-ms="2" status="PASS">
          <exception class="java.lang.IllegalArgumentException">
            <message>
              <![CDATA[Gaji pokok tidak boleh negatif]]>
            </message>
            <full-stacktrace>
              <![CDATA[java.lang.IllegalArgumentException: Gaji pokok tidak boleh negatif
at test.Ujian2$Karyawan.setGajiPokok(Ujian2.java:40)
at test.Ujian2.testSetNegativeGajiPokok(Ujian2.java:139)
at java.base/jdk.internal.reflect.DirectMethodHandleAccessor.invoke(DirectMethodHandleAccessor.java:104)
at java.base/java.lang.reflect.Method.invoke(Method.java:565)
at org.testng.internal.invokers.MethodInvocationHelper.invokeMethod(MethodInvocationHelper.java:141)
at org.testng.internal.invokers.TestInvoker.invokeMethod(TestInvoker.java:686)
at org.testng.internal.invokers.TestInvoker.invokeTestMethod(TestInvoker.java:230)
at org.testng.internal.invokers.MethodRunner.runInSequence(MethodRunner.java:63)
at org.testng.internal.invokers.TestInvoker$MethodInvocationAgent.invoke(TestInvoker.java:992)
at org.testng.internal.invokers.TestInvoker.invokeTestMethods(TestInvoker.java:203)
at org.testng.internal.invokers.TestMethodWorker.invokeTestMethods(TestMethodWorker.java:154)
at org.testng.internal.invokers.TestMethodWorker.run(TestMethodWorker.java:134)
at java.base/java.util.ArrayList.forEach(ArrayList.java:1604)
at org.testng.TestRunner.privateRun(TestRunner.java:739)
at org.testng.TestRunner.run(TestRunner.java:614)
at org.testng.SuiteRunner.runTest(SuiteRunner.java:421)
at org.testng.SuiteRunner.runSequentially(SuiteRunner.java:413)
at org.testng.SuiteRunner.privateRun(SuiteRunner.java:373)
at org.testng.SuiteRunner.run(SuiteRunner.java:312)
at org.testng.SuiteRunnerWorker.runSuite(SuiteRunnerWorker.java:52)
at org.testng.SuiteRunnerWorker.run(SuiteRunnerWorker.java:95)
at org.testng.TestNG.runSuitesSequentially(TestNG.java:1274)
at org.testng.TestNG.runSuitesLocally(TestNG.java:1208)
at org.testng.TestNG.runSuites(TestNG.java:1112)
at org.testng.TestNG.run(TestNG.java:1079)
at org.apache.maven.surefire.testng.TestNGExecutor.run(TestNGExecutor.java:324)
at org.apache.maven.surefire.testng.TestNGXmlTestSuite.execute(TestNGXmlTestSuite.java:74)
at org.apache.maven.surefire.testng.TestNGProvider.invoke(TestNGProvider.java:123)
at org.apache.maven.surefire.booter.ForkedBooter.runSuitesInProcess(ForkedBooter.java:456)
at org.apache.maven.surefire.booter.ForkedBooter.execute(ForkedBooter.java:169)
at org.apache.maven.surefire.booter.ForkedBooter.run(ForkedBooter.java:595)
at org.apache.maven.surefire.booter.ForkedBooter.main(ForkedBooter.java:581)
]]>
            </full-stacktrace>
          </exception> <!-- java.lang.IllegalArgumentException -->
          <reporter-output>
          </reporter-output>
        </test-method> <!-- testSetNegativeGajiPokok -->
        <test-method is-config="true" signature="setup()[pri:0, instance:test.Ujian2@7b227d8d]" started-at="2026-03-17T19:31:15 WIB" name="setup" finished-at="2026-03-17T19:31:15 WIB" duration-ms="0" status="PASS">
          <reporter-output>
          </reporter-output>
        </test-method> <!-- setup -->
        <test-method signature="testTambahKaryawan()[pri:0, instance:test.Ujian2@7b227d8d]" started-at="2026-03-17T19:31:15 WIB" name="testTambahKaryawan" finished-at="2026-03-17T19:31:15 WIB" duration-ms="1" status="PASS">
          <reporter-output>
          </reporter-output>
        </test-method> <!-- testTambahKaryawan -->
        <test-method is-config="true" signature="setup()[pri:0, instance:test.Ujian2@7b227d8d]" started-at="2026-03-17T19:31:15 WIB" name="setup" finished-at="2026-03-17T19:31:15 WIB" duration-ms="0" status="PASS">
          <reporter-output>
          </reporter-output>
        </test-method> <!-- setup -->
        <test-method is-config="true" signature="setup()[pri:0, instance:test.Ujian2@7b227d8d]" started-at="2026-03-17T19:31:15 WIB" name="setup" finished-at="2026-03-17T19:31:15 WIB" duration-ms="1" status="PASS">
          <reporter-output>
          </reporter-output>
        </test-method> <!-- setup -->
        <test-method signature="testTambahKaryawanNull()[pri:0, instance:test.Ujian2@7b227d8d]" started-at="2026-03-17T19:31:15 WIB" name="testTambahKaryawanNull" finished-at="2026-03-17T19:31:15 WIB" duration-ms="1" status="PASS">
          <reporter-output>
          </reporter-output>
        </test-method> <!-- testTambahKaryawanNull -->
        <test-method signature="testUpdateGaji()[pri:0, instance:test.Ujian2@7b227d8d]" started-at="2026-03-17T19:31:15 WIB" name="testUpdateGaji" finished-at="2026-03-17T19:31:15 WIB" duration-ms="1" status="PASS">
          <reporter-output>
          </reporter-output>
        </test-method> <!-- testUpdateGaji -->
        <test-method is-config="true" signature="setup()[pri:0, instance:test.Ujian2@7b227d8d]" started-at="2026-03-17T19:31:15 WIB" name="setup" finished-at="2026-03-17T19:31:15 WIB" duration-ms="0" status="PASS">
          <reporter-output>
          </reporter-output>
        </test-method> <!-- setup -->
        <test-method is-config="true" signature="setup()[pri:0, instance:test.Ujian2@7b227d8d]" started-at="2026-03-17T19:31:15 WIB" name="setup" finished-at="2026-03-17T19:31:15 WIB" duration-ms="0" status="PASS">
          <reporter-output>
          </reporter-output>
        </test-method> <!-- setup -->
        <test-method signature="testUpdateGajiNegativePersentase()[pri:0, instance:test.Ujian2@7b227d8d]" started-at="2026-03-17T19:31:15 WIB" name="testUpdateGajiNegativePersentase" finished-at="2026-03-17T19:31:15 WIB" duration-ms="0" status="PASS">
          <exception class="java.lang.IllegalArgumentException">
            <message>
              <![CDATA[Persentase tidak boleh negatif]]>
            </message>
            <full-stacktrace>
              <![CDATA[java.lang.IllegalArgumentException: Persentase tidak boleh negatif
at test.Ujian2$Karyawan.updateGaji(Ujian2.java:57)
at test.Ujian2.testUpdateGajiNegativePersentase(Ujian2.java:176)
at java.base/jdk.internal.reflect.DirectMethodHandleAccessor.invoke(DirectMethodHandleAccessor.java:104)
at java.base/java.lang.reflect.Method.invoke(Method.java:565)
at org.testng.internal.invokers.MethodInvocationHelper.invokeMethod(MethodInvocationHelper.java:141)
at org.testng.internal.invokers.TestInvoker.invokeMethod(TestInvoker.java:686)
at org.testng.internal.invokers.TestInvoker.invokeTestMethod(TestInvoker.java:230)
at org.testng.internal.invokers.MethodRunner.runInSequence(MethodRunner.java:63)
at org.testng.internal.invokers.TestInvoker$MethodInvocationAgent.invoke(TestInvoker.java:992)
at org.testng.internal.invokers.TestInvoker.invokeTestMethods(TestInvoker.java:203)
at org.testng.internal.invokers.TestMethodWorker.invokeTestMethods(TestMethodWorker.java:154)
at org.testng.internal.invokers.TestMethodWorker.run(TestMethodWorker.java:134)
at java.base/java.util.ArrayList.forEach(ArrayList.java:1604)
at org.testng.TestRunner.privateRun(TestRunner.java:739)
at org.testng.TestRunner.run(TestRunner.java:614)
at org.testng.SuiteRunner.runTest(SuiteRunner.java:421)
at org.testng.SuiteRunner.runSequentially(SuiteRunner.java:413)
at org.testng.SuiteRunner.privateRun(SuiteRunner.java:373)
at org.testng.SuiteRunner.run(SuiteRunner.java:312)
at org.testng.SuiteRunnerWorker.runSuite(SuiteRunnerWorker.java:52)
at org.testng.SuiteRunnerWorker.run(SuiteRunnerWorker.java:95)
at org.testng.TestNG.runSuitesSequentially(TestNG.java:1274)
at org.testng.TestNG.runSuitesLocally(TestNG.java:1208)
at org.testng.TestNG.runSuites(TestNG.java:1112)
at org.testng.TestNG.run(TestNG.java:1079)
at org.apache.maven.surefire.testng.TestNGExecutor.run(TestNGExecutor.java:324)
at org.apache.maven.surefire.testng.TestNGXmlTestSuite.execute(TestNGXmlTestSuite.java:74)
at org.apache.maven.surefire.testng.TestNGProvider.invoke(TestNGProvider.java:123)
at org.apache.maven.surefire.booter.ForkedBooter.runSuitesInProcess(ForkedBooter.java:456)
at org.apache.maven.surefire.booter.ForkedBooter.execute(ForkedBooter.java:169)
at org.apache.maven.surefire.booter.ForkedBooter.run(ForkedBooter.java:595)
at org.apache.maven.surefire.booter.ForkedBooter.main(ForkedBooter.java:581)
]]>
            </full-stacktrace>
          </exception> <!-- java.lang.IllegalArgumentException -->
          <reporter-output>
          </reporter-output>
        </test-method> <!-- testUpdateGajiNegativePersentase -->
      </class> <!-- test.Ujian2 -->
    </test> <!-- OOPTests -->
  </suite> <!-- AllSuite -->
</testng-results>
