<?xml version="1.0" encoding="UTF-8"?>
<!-- Generated by org.testng.reporters.JUnitXMLReporter -->
<testsuite ignored="0" hostname="DESKTOP-QPBUIBA" failures="0" tests="15" name="Ujian2Tests" time="0.089" errors="0" timestamp="2026-03-17T22:48:34 WIB">
  <testcase classname="test.Ujian2" name="testGetDaftarKaryawan" time="0.005"/>
  <testcase classname="test.Ujian2" name="testGetJumlahKaryawan" time="0.001"/>
  <testcase classname="test.Ujian2" name="testGetNamaDivisi" time="0.001"/>
  <testcase classname="test.Ujian2" name="testHitungGajiTotalLainnya" time="0.001"/>
  <testcase classname="test.Ujian2" name="testHitungGajiTotalManager" time="0.001"/>
  <testcase classname="test.Ujian2" name="testHitungGajiTotalStaff" time="0.001"/>
  <testcase classname="test.Ujian2" name="testSetGajiPokok" time="0.0"/>
  <testcase classname="test.Ujian2" name="testSetJabatan" time="0.0"/>
  <testcase classname="test.Ujian2" name="testSetNama" time="0.0"/>
  <testcase classname="test.Ujian2" name="testSetNamaDivisi" time="0.0"/>
  <testcase classname="test.Ujian2" name="testSetNegativeGajiPokok" time="0.001"/>
  <testcase classname="test.Ujian2" name="testTambahKaryawan" time="0.001"/>
  <testcase classname="test.Ujian2" name="testTambahKaryawanNull" time="0.001"/>
  <testcase classname="test.Ujian2" name="testUpdateGaji" time="0.001"/>
  <testcase classname="test.Ujian2" name="testUpdateGajiNegativePersentase" time="0.001"/>
</testsuite> <!-- Ujian2Tests -->
