<?xml version="1.0" encoding="UTF-8"?>
<!-- Generated by org.testng.reporters.JUnitReportReporter -->
<testsuite hostname="DESKTOP-QPBUIBA" failures="0" tests="17" name="com.juaracoding.oop.AuthTest" time="0.037" errors="0" timestamp="2026-03-17T19:31:15 WIB" skipped="0">
  <testcase classname="com.juaracoding.oop.AuthTest" name="testLogin" time="0.015"/>
  <testcase classname="com.juaracoding.oop.AuthTest" name="testRegister" time="0.001"/>
  <testcase classname="com.juaracoding.oop.AuthTest" name="testLogin" time="0.001"/>
  <testcase classname="com.juaracoding.oop.AuthTest" name="testLogin" time="0.000"/>
  <testcase classname="com.juaracoding.oop.AuthTest" name="testRegister" time="0.000"/>
  <testcase classname="com.juaracoding.oop.AuthTest" name="testRegister" time="0.002"/>
  <testcase classname="com.juaracoding.oop.AuthTest" name="testRegister" time="0.003"/>
  <testcase classname="com.juaracoding.oop.AuthTest" name="testRegisterInvalid" time="0.001"/>
  <testcase classname="com.juaracoding.oop.AuthTest" name="testRegisterInvalid" time="0.000"/>
  <testcase classname="com.juaracoding.oop.AuthTest" name="testRegisterInvalid" time="0.001"/>
  <testcase classname="com.juaracoding.oop.AuthTest" name="testLogin" time="0.000"/>
  <testcase classname="com.juaracoding.oop.AuthTest" name="testRegister" time="0.006"/>
  <testcase classname="com.juaracoding.oop.AuthTest" name="testRegisterInvalid" time="0.003"/>
  <testcase classname="com.juaracoding.oop.AuthTest" name="testRegisterInvalid" time="0.001"/>
  <testcase classname="com.juaracoding.oop.AuthTest" name="testRegister" time="0.002"/>
  <testcase classname="com.juaracoding.oop.AuthTest" name="testRegister" time="0.001"/>
  <testcase classname="com.juaracoding.oop.AuthTest" name="testRegisterWithInvalidNik" time="0.000"/>
</testsuite> <!-- com.juaracoding.oop.AuthTest -->
