<?xml version="1.0" encoding="UTF-8"?>
<!-- Generated by org.testng.reporters.JUnitReportReporter -->
<testsuite hostname="DESKTOP-QPBUIBA" failures="0" tests="6" name="com.juaracoding.oop.KaryawanTest" time="0.004" errors="0" timestamp="2026-03-17T22:46:10 WIB" skipped="0">
  <testcase classname="com.juaracoding.oop.KaryawanTest" name="testSetNama" time="0.000"/>
  <testcase classname="com.juaracoding.oop.KaryawanTest" name="testSetJabatan" time="0.001"/>
  <testcase classname="com.juaracoding.oop.KaryawanTest" name="testSetSalary" time="0.001"/>
  <testcase classname="com.juaracoding.oop.KaryawanTest" name="testSetNegativeSalary" time="0.000"/>
  <testcase classname="com.juaracoding.oop.KaryawanTest" name="testCalculateAnnualSalary" time="0.001"/>
  <testcase classname="com.juaracoding.oop.KaryawanTest" name="testCalculateTax" time="0.001"/>
</testsuite> <!-- com.juaracoding.oop.KaryawanTest -->
