<?xml version="1.0" encoding="UTF-8"?>
<!-- Generated by org.testng.reporters.JUnitReportReporter -->
<testsuite hostname="DESKTOP-QPBUIBA" failures="0" tests="12" name="com.juaracoding.oop.CalculatorTest" time="0.024" errors="0" timestamp="2026-03-17T22:46:10 WIB" skipped="0">
  <testcase classname="com.juaracoding.oop.CalculatorTest" name="testAdd" time="0.008"/>
  <testcase classname="com.juaracoding.oop.CalculatorTest" name="testAdd" time="0.000"/>
  <testcase classname="com.juaracoding.oop.CalculatorTest" name="testAdd" time="0.001"/>
  <testcase classname="com.juaracoding.oop.CalculatorTest" name="testAdd" time="0.002"/>
  <testcase classname="com.juaracoding.oop.CalculatorTest" name="testAdd" time="0.001"/>
  <testcase classname="com.juaracoding.oop.CalculatorTest" name="testSubtract" time="0.002"/>
  <testcase classname="com.juaracoding.oop.CalculatorTest" name="testSubtract" time="0.001"/>
  <testcase classname="com.juaracoding.oop.CalculatorTest" name="testSubtract" time="0.001"/>
  <testcase classname="com.juaracoding.oop.CalculatorTest" name="testSubtract" time="0.001"/>
  <testcase classname="com.juaracoding.oop.CalculatorTest" name="testMultiply" time="0.003"/>
  <testcase classname="com.juaracoding.oop.CalculatorTest" name="testDivide" time="0.002"/>
  <testcase classname="com.juaracoding.oop.CalculatorTest" name="testDivideByZero" time="0.002"/>
</testsuite> <!-- com.juaracoding.oop.CalculatorTest -->
