<?xml version="1.0" encoding="UTF-8"?>
<!-- Generated by org.testng.reporters.JUnitReportReporter -->
<testsuite hostname="DESKTOP-QPBUIBA" failures="0" tests="15" name="test.Ujian2" time="0.019" errors="0" timestamp="2026-03-17T22:46:10 WIB" skipped="0">
  <testcase classname="test.Ujian2" name="testSetGajiPokok" time="0.002"/>
  <testcase classname="test.Ujian2" name="testHitungGajiTotalStaff" time="0.001"/>
  <testcase classname="test.Ujian2" name="testHitungGajiTotalManager" time="0.000"/>
  <testcase classname="test.Ujian2" name="testUpdateGajiNegativePersentase" time="0.001"/>
  <testcase classname="test.Ujian2" name="testHitungGajiTotalLainnya" time="0.002"/>
  <testcase classname="test.Ujian2" name="testGetJumlahKaryawan" time="0.001"/>
  <testcase classname="test.Ujian2" name="testTambahKaryawanNull" time="0.001"/>
  <testcase classname="test.Ujian2" name="testSetNamaDivisi" time="0.002"/>
  <testcase classname="test.Ujian2" name="testSetJabatan" time="0.001"/>
  <testcase classname="test.Ujian2" name="testUpdateGaji" time="0.002"/>
  <testcase classname="test.Ujian2" name="testSetNegativeGajiPokok" time="0.001"/>
  <testcase classname="test.Ujian2" name="testSetNama" time="0.000"/>
  <testcase classname="test.Ujian2" name="testTambahKaryawan" time="0.002"/>
  <testcase classname="test.Ujian2" name="testGetDaftarKaryawan" time="0.002"/>
  <testcase classname="test.Ujian2" name="testGetNamaDivisi" time="0.001"/>
</testsuite> <!-- test.Ujian2 -->
